2023-11-12 22:25:30.932 | INFO     | scripts.train_CUB:train_val:48 - config: {'seed': 60, 'm': 16, 'alpha': 1, 'beta': 1.0, 'beta2': 0.01, 'mome': 0.9, 'epoch_change': 9, 'sigma': 1.0, 'gamma': 20.0, 'lambda': 0.0001, 'mu': 1, 'nu': 1, 'eta': 55, 'dcc_iter': 10, 'optimizer': {'type': <class 'torch.optim.rmsprop.RMSprop'>, 'optim_param': {'lr': 1e-05, 'weight_decay': 1e-05}}, 'resize_size': 256, 'crop_size': 224, 'batch_size': 64, 'net': <class 'model.Net.MoCo'>, 'dataset': 'nabirds', 'without_BN': False, 'epoch': 1000, 'test_map': 3, 'stop_iter': 10, 'device': device(type='cuda'), 'n_gpu': 1, 'bit_list': [16], 'max_norm': 5.0, 'T': 0.001, 'resnet_url': '../../Pretrain/resnet50-19c8e357.pth', 'url': '../../Pretrain/moco_v2_800ep_pretrain.pth', 'txt_path': '../../data/glove/glove.6B.50d.txt', 'label_size': 100, 'update_center': False, 'topk': -1, 'n_class': 555, 'data_path': '../../data/nabirds/images/', 'data': {'train_set': {'list_path': './data/nabirds/train.txt', 'batch_size': 64}, 'test_set': {'list_path': './data/nabirds/test.txt', 'batch_size': 64}, 'database': {'list_path': './data/nabirds/train.txt', 'batch_size': 64}}, 'order_seed': 80, 'center_path': './centerswithoutVar/CSQ_init_True_555_16.npy', 'CSQ_center': './CSQcenters/CSQ_555_16.npy', 'remarks': 'Ours', 'save_path': './results/nabirds/Ours', 'save_center': './results/nabirds/Ours/ours_16.npy', 'info': '[Ours]', 'loss_way': 'Ours', 'num_train': 23929}
2023-11-12 22:25:30.933 | INFO     | scripts.train_CUB:train_val:53 - [Ours] 1/1000 22:25:30 bits: 16 dataset: nabirds loss way: Ours training...
2023-11-12 22:45:56.657 | INFO     | scripts.train_CUB:train_val:48 - config: {'seed': 60, 'm': 16, 'alpha': 1, 'beta': 1.0, 'beta2': 0.01, 'mome': 0.9, 'epoch_change': 9, 'sigma': 1.0, 'gamma': 20.0, 'lambda': 0.0001, 'mu': 1, 'nu': 1, 'eta': 55, 'dcc_iter': 10, 'optimizer': {'type': <class 'torch.optim.rmsprop.RMSprop'>, 'optim_param': {'lr': 1e-05, 'weight_decay': 1e-05}}, 'resize_size': 256, 'crop_size': 224, 'batch_size': 64, 'net': <class 'model.Net.MoCo'>, 'dataset': 'nabirds', 'without_BN': False, 'epoch': 1000, 'test_map': 3, 'stop_iter': 10, 'device': device(type='cuda'), 'n_gpu': 1, 'bit_list': [16], 'max_norm': 5.0, 'T': 0.001, 'resnet_url': '../../Pretrain/resnet50-19c8e357.pth', 'url': '../../Pretrain/moco_v2_800ep_pretrain.pth', 'txt_path': '../../data/glove/glove.6B.50d.txt', 'label_size': 100, 'update_center': False, 'topk': -1, 'n_class': 555, 'data_path': '../../data/nabirds/images/', 'data': {'train_set': {'list_path': './data/nabirds/train.txt', 'batch_size': 64}, 'test_set': {'list_path': './data/nabirds/test.txt', 'batch_size': 64}, 'database': {'list_path': './data/nabirds/train.txt', 'batch_size': 64}}, 'order_seed': 80, 'center_path': './centerswithoutVar/CSQ_init_True_555_16.npy', 'CSQ_center': './CSQcenters/CSQ_555_16.npy', 'remarks': 'Ours', 'save_path': './results/nabirds/Ours', 'save_center': './results/nabirds/Ours/ours_16.npy', 'info': '[Ours]', 'loss_way': 'Ours', 'num_train': 23929}
2023-11-12 22:45:56.657 | INFO     | scripts.train_CUB:train_val:53 - [Ours] 1/1000 22:45:56 bits: 16 dataset: nabirds loss way: Ours training...
2023-11-12 22:50:00.598 | INFO     | scripts.train_CUB:train_val:48 - config: {'seed': 60, 'm': 16, 'alpha': 1, 'beta': 1.0, 'beta2': 0.01, 'mome': 0.9, 'epoch_change': 9, 'sigma': 1.0, 'gamma': 20.0, 'lambda': 0.0001, 'mu': 1, 'nu': 1, 'eta': 55, 'dcc_iter': 10, 'optimizer': {'type': <class 'torch.optim.rmsprop.RMSprop'>, 'optim_param': {'lr': 1e-05, 'weight_decay': 1e-05}}, 'resize_size': 256, 'crop_size': 224, 'batch_size': 64, 'net': <class 'model.Net.MoCo'>, 'dataset': 'nabirds', 'without_BN': False, 'epoch': 1000, 'test_map': 3, 'stop_iter': 10, 'device': device(type='cuda'), 'n_gpu': 1, 'bit_list': [16], 'max_norm': 5.0, 'T': 0.001, 'resnet_url': '../../Pretrain/resnet50-19c8e357.pth', 'url': '../../Pretrain/moco_v2_800ep_pretrain.pth', 'txt_path': '../../data/glove/glove.6B.50d.txt', 'label_size': 100, 'update_center': False, 'topk': -1, 'n_class': 555, 'data_path': '../../data/nabirds/images/', 'data': {'train_set': {'list_path': './data/nabirds/train.txt', 'batch_size': 64}, 'test_set': {'list_path': './data/nabirds/test.txt', 'batch_size': 64}, 'database': {'list_path': './data/nabirds/train.txt', 'batch_size': 64}}, 'order_seed': 80, 'center_path': './centerswithoutVar/CSQ_init_True_555_16.npy', 'CSQ_center': './CSQcenters/CSQ_555_16.npy', 'remarks': 'Ours', 'save_path': './results/nabirds/Ours', 'save_center': './results/nabirds/Ours/ours_16.npy', 'info': '[Ours]', 'loss_way': 'Ours', 'num_train': 23929}
2023-11-12 22:50:00.598 | INFO     | scripts.train_CUB:train_val:53 - [Ours] 1/1000 22:50:00 bits: 16 dataset: nabirds loss way: Ours training...
2023-11-12 22:52:41.212 | INFO     | scripts.train_CUB:train_val:48 - config: {'seed': 60, 'm': 16, 'alpha': 1, 'beta': 1.0, 'beta2': 0.01, 'mome': 0.9, 'epoch_change': 9, 'sigma': 1.0, 'gamma': 20.0, 'lambda': 0.0001, 'mu': 1, 'nu': 1, 'eta': 55, 'dcc_iter': 10, 'optimizer': {'type': <class 'torch.optim.rmsprop.RMSprop'>, 'optim_param': {'lr': 1e-05, 'weight_decay': 1e-05}}, 'resize_size': 256, 'crop_size': 224, 'batch_size': 64, 'net': <class 'model.Net.MoCo'>, 'dataset': 'nabirds', 'without_BN': False, 'epoch': 1000, 'test_map': 3, 'stop_iter': 10, 'device': device(type='cuda'), 'n_gpu': 1, 'bit_list': [16], 'max_norm': 5.0, 'T': 0.001, 'resnet_url': '../../Pretrain/resnet50-19c8e357.pth', 'url': '../../Pretrain/moco_v2_800ep_pretrain.pth', 'txt_path': '../../data/glove/glove.6B.50d.txt', 'label_size': 100, 'update_center': False, 'topk': -1, 'n_class': 555, 'data_path': '../../data/nabirds/images/', 'data': {'train_set': {'list_path': './data/nabirds/train.txt', 'batch_size': 64}, 'test_set': {'list_path': './data/nabirds/test.txt', 'batch_size': 64}, 'database': {'list_path': './data/nabirds/train.txt', 'batch_size': 64}}, 'order_seed': 80, 'center_path': './centerswithoutVar/CSQ_init_True_555_16.npy', 'CSQ_center': './CSQcenters/CSQ_555_16.npy', 'remarks': 'Ours', 'save_path': './results/nabirds/Ours', 'save_center': './results/nabirds/Ours/ours_16.npy', 'info': '[Ours]', 'loss_way': 'Ours', 'num_train': 23929}
2023-11-12 22:52:41.213 | INFO     | scripts.train_CUB:train_val:53 - [Ours] 1/1000 22:52:41 bits: 16 dataset: nabirds loss way: Ours training...
2023-11-12 22:55:08.906 | INFO     | scripts.train_CUB:train_val:48 - config: {'seed': 60, 'm': 16, 'alpha': 1, 'beta': 1.0, 'beta2': 0.01, 'mome': 0.9, 'epoch_change': 9, 'sigma': 1.0, 'gamma': 20.0, 'lambda': 0.0001, 'mu': 1, 'nu': 1, 'eta': 55, 'dcc_iter': 10, 'optimizer': {'type': <class 'torch.optim.rmsprop.RMSprop'>, 'optim_param': {'lr': 1e-05, 'weight_decay': 1e-05}}, 'resize_size': 256, 'crop_size': 224, 'batch_size': 64, 'net': <class 'model.Net.MoCo'>, 'dataset': 'nabirds', 'without_BN': False, 'epoch': 1000, 'test_map': 3, 'stop_iter': 10, 'device': device(type='cuda'), 'n_gpu': 1, 'bit_list': [16], 'max_norm': 5.0, 'T': 0.001, 'resnet_url': '../../Pretrain/resnet50-19c8e357.pth', 'url': '../../Pretrain/moco_v2_800ep_pretrain.pth', 'txt_path': '../../data/glove/glove.6B.50d.txt', 'label_size': 100, 'update_center': False, 'topk': -1, 'n_class': 555, 'data_path': '../../data/nabirds/images/', 'data': {'train_set': {'list_path': './data/nabirds/train.txt', 'batch_size': 64}, 'test_set': {'list_path': './data/nabirds/test.txt', 'batch_size': 64}, 'database': {'list_path': './data/nabirds/train.txt', 'batch_size': 64}}, 'order_seed': 80, 'center_path': './centerswithoutVar/CSQ_init_True_555_16.npy', 'CSQ_center': './CSQcenters/CSQ_555_16.npy', 'remarks': 'Ours', 'save_path': './results/nabirds/Ours', 'save_center': './results/nabirds/Ours/ours_16.npy', 'info': '[Ours]', 'loss_way': 'Ours', 'num_train': 23929}
2023-11-12 22:55:08.907 | INFO     | scripts.train_CUB:train_val:53 - [Ours] 1/1000 22:55:08 bits: 16 dataset: nabirds loss way: Ours training...
2023-11-12 22:56:19.604 | INFO     | scripts.train_CUB:train_val:48 - config: {'seed': 60, 'm': 16, 'alpha': 1, 'beta': 1.0, 'beta2': 0.01, 'mome': 0.9, 'epoch_change': 9, 'sigma': 1.0, 'gamma': 20.0, 'lambda': 0.0001, 'mu': 1, 'nu': 1, 'eta': 55, 'dcc_iter': 10, 'optimizer': {'type': <class 'torch.optim.rmsprop.RMSprop'>, 'optim_param': {'lr': 1e-05, 'weight_decay': 1e-05}}, 'resize_size': 256, 'crop_size': 224, 'batch_size': 64, 'net': <class 'model.Net.MoCo'>, 'dataset': 'nabirds', 'without_BN': False, 'epoch': 1000, 'test_map': 3, 'stop_iter': 10, 'device': device(type='cuda'), 'n_gpu': 1, 'bit_list': [16], 'max_norm': 5.0, 'T': 0.001, 'resnet_url': '../../Pretrain/resnet50-19c8e357.pth', 'url': '../../Pretrain/moco_v2_800ep_pretrain.pth', 'txt_path': '../../data/glove/glove.6B.50d.txt', 'label_size': 100, 'update_center': False, 'topk': -1, 'n_class': 555, 'data_path': '../../data/nabirds/images/', 'data': {'train_set': {'list_path': './data/nabirds/train.txt', 'batch_size': 64}, 'test_set': {'list_path': './data/nabirds/test.txt', 'batch_size': 64}, 'database': {'list_path': './data/nabirds/train.txt', 'batch_size': 64}}, 'order_seed': 80, 'center_path': './centerswithoutVar/CSQ_init_True_555_16.npy', 'CSQ_center': './CSQcenters/CSQ_555_16.npy', 'remarks': 'Ours', 'save_path': './results/nabirds/Ours', 'save_center': './results/nabirds/Ours/ours_16.npy', 'info': '[Ours]', 'loss_way': 'Ours', 'num_train': 23929}
2023-11-12 22:56:19.605 | INFO     | scripts.train_CUB:train_val:53 - [Ours] 1/1000 22:56:19 bits: 16 dataset: nabirds loss way: Ours training...
2023-11-12 23:55:59.345 | INFO     | scripts.train_CUB:train_val:48 - config: {'seed': 60, 'm': 16, 'alpha': 1, 'beta': 1.0, 'beta2': 0.01, 'mome': 0.9, 'epoch_change': 9, 'sigma': 1.0, 'gamma': 20.0, 'lambda': 0.0001, 'mu': 1, 'nu': 1, 'eta': 55, 'dcc_iter': 10, 'optimizer': {'type': <class 'torch.optim.rmsprop.RMSprop'>, 'optim_param': {'lr': 1e-05, 'weight_decay': 1e-05}}, 'resize_size': 256, 'crop_size': 224, 'batch_size': 64, 'net': <class 'model.Net.MoCo'>, 'dataset': 'nabirds', 'without_BN': False, 'epoch': 1000, 'test_map': 3, 'stop_iter': 10, 'device': device(type='cuda'), 'n_gpu': 1, 'bit_list': [16], 'max_norm': 5.0, 'T': 0.001, 'resnet_url': '../../Pretrain/resnet50-19c8e357.pth', 'url': '../../Pretrain/moco_v2_800ep_pretrain.pth', 'txt_path': '../../data/glove/glove.6B.50d.txt', 'label_size': 100, 'update_center': False, 'topk': -1, 'n_class': 555, 'data_path': '../../data/nabirds/images/', 'data': {'train_set': {'list_path': './data/nabirds/train.txt', 'batch_size': 64}, 'test_set': {'list_path': './data/nabirds/test.txt', 'batch_size': 64}, 'database': {'list_path': './data/nabirds/train.txt', 'batch_size': 64}}, 'order_seed': 80, 'center_path': './centerswithoutVar/CSQ_init_True_555_16.npy', 'CSQ_center': './CSQcenters/CSQ_555_16.npy', 'remarks': 'Ours', 'save_path': './results/nabirds/Ours', 'save_center': './results/nabirds/Ours/ours_16.npy', 'info': '[Ours]', 'loss_way': 'Ours', 'num_train': 23929}
2023-11-12 23:55:59.345 | INFO     | scripts.train_CUB:train_val:53 - [Ours] 1/1000 23:55:59 bits: 16 dataset: nabirds loss way: Ours training...
2023-11-12 23:59:31.479 | INFO     | scripts.train_CUB:train_val:81 - train loss: 0.013030136838296359, center loss: 4.862831291742623, pair loss: 0
2023-11-12 23:59:31.479 | INFO     | scripts.train_CUB:train_val:53 - [Ours] 2/1000 23:59:31 bits: 16 dataset: nabirds loss way: Ours training...
2023-11-13 00:03:00.646 | INFO     | scripts.train_CUB:train_val:81 - train loss: 0.012084081186290412, center loss: 4.508963443338871, pair loss: 0
2023-11-13 00:03:00.647 | INFO     | scripts.train_CUB:train_val:53 - [Ours] 3/1000 00:03:00 bits: 16 dataset: nabirds loss way: Ours training...
2023-11-13 00:06:32.461 | INFO     | scripts.train_CUB:train_val:81 - train loss: 0.011513768351651767, center loss: 4.2956037083640695, pair loss: 0
2023-11-13 00:13:44.292 | INFO     | scripts.train_CUB:train_val:97 - save in ./results/nabirds/Ours
2023-11-13 00:13:44.293 | INFO     | scripts.train_CUB:train_val:107 - [Ours] 3/1000 00:03:00 bits: 16 dataset: nabirds Best mAP: 0.0453098400705979, current mAP: 0.0453098400705979
2023-11-13 00:13:44.293 | INFO     | scripts.train_CUB:train_val:53 - [Ours] 4/1000 00:13:44 bits: 16 dataset: nabirds loss way: Ours training...
2023-11-13 00:17:14.270 | INFO     | scripts.train_CUB:train_val:81 - train loss: 0.011075200557828268, center loss: 4.131520842202008, pair loss: 0
2023-11-13 00:17:14.271 | INFO     | scripts.train_CUB:train_val:53 - [Ours] 5/1000 00:17:14 bits: 16 dataset: nabirds loss way: Ours training...
2023-11-13 00:20:45.757 | INFO     | scripts.train_CUB:train_val:81 - train loss: 0.010698001938847138, center loss: 3.9904669895768166, pair loss: 0
2023-11-13 00:20:45.758 | INFO     | scripts.train_CUB:train_val:53 - [Ours] 6/1000 00:20:45 bits: 16 dataset: nabirds loss way: Ours training...
2023-11-13 00:24:18.156 | INFO     | scripts.train_CUB:train_val:81 - train loss: 0.010415307156502563, center loss: 3.884765156544745, pair loss: 0
2023-11-13 00:30:28.003 | INFO     | scripts.train_CUB:train_val:97 - save in ./results/nabirds/Ours
2023-11-13 00:30:28.003 | INFO     | scripts.train_CUB:train_val:107 - [Ours] 6/1000 00:20:45 bits: 16 dataset: nabirds Best mAP: 0.08787425593013455, current mAP: 0.08787425593013455
2023-11-13 00:30:28.004 | INFO     | scripts.train_CUB:train_val:53 - [Ours] 7/1000 00:30:28 bits: 16 dataset: nabirds loss way: Ours training...
2023-11-13 00:34:00.121 | INFO     | scripts.train_CUB:train_val:81 - train loss: 0.010137682631213398, center loss: 3.7809879928827286, pair loss: 0
2023-11-13 00:34:00.121 | INFO     | scripts.train_CUB:train_val:53 - [Ours] 8/1000 00:34:00 bits: 16 dataset: nabirds loss way: Ours training...
2023-11-13 00:37:34.080 | INFO     | scripts.train_CUB:train_val:81 - train loss: 0.009921891452933856, center loss: 3.700338304042816, pair loss: 0
2023-11-13 00:37:34.081 | INFO     | scripts.train_CUB:train_val:53 - [Ours] 9/1000 00:37:34 bits: 16 dataset: nabirds loss way: Ours training...
2023-11-13 00:41:08.115 | INFO     | scripts.train_CUB:train_val:81 - train loss: 0.009705953292528735, center loss: 3.619646876119077, pair loss: 0
2023-11-13 00:45:38.909 | INFO     | scripts.train_CUB:train_val:97 - save in ./results/nabirds/Ours
2023-11-13 00:45:38.910 | INFO     | scripts.train_CUB:train_val:107 - [Ours] 9/1000 00:37:34 bits: 16 dataset: nabirds Best mAP: 0.13621946100369617, current mAP: 0.13621946100369617
2023-11-13 00:45:38.910 | INFO     | scripts.train_CUB:train_val:53 - [Ours] 10/1000 00:45:38 bits: 16 dataset: nabirds loss way: Ours training...
2023-11-13 00:49:32.823 | INFO     | scripts.train_CUB:train_val:81 - train loss: 0.8195270095916993, center loss: 3.669620265252888, pair loss: 302.8230991959572
2023-11-13 00:49:32.823 | INFO     | scripts.train_CUB:train_val:53 - [Ours] 11/1000 00:49:32 bits: 16 dataset: nabirds loss way: Ours training...
2023-11-13 00:53:41.889 | INFO     | scripts.train_CUB:train_val:81 - train loss: 0.7928097176360575, center loss: 3.7608763836324215, pair loss: 292.7395330071449
2023-11-13 00:53:41.889 | INFO     | scripts.train_CUB:train_val:53 - [Ours] 12/1000 00:53:41 bits: 16 dataset: nabirds loss way: Ours training...
2023-11-13 00:57:15.355 | INFO     | scripts.train_CUB:train_val:81 - train loss: 0.774481371124798, center loss: 3.8877940829843283, pair loss: 285.7578449845314
2023-11-13 01:01:40.590 | INFO     | scripts.train_CUB:train_val:97 - save in ./results/nabirds/Ours
2023-11-13 01:01:40.590 | INFO     | scripts.train_CUB:train_val:107 - [Ours] 12/1000 00:53:41 bits: 16 dataset: nabirds Best mAP: 0.1896335072091771, current mAP: 0.1896335072091771
2023-11-13 01:01:40.591 | INFO     | scripts.train_CUB:train_val:53 - [Ours] 13/1000 01:01:40 bits: 16 dataset: nabirds loss way: Ours training...
2023-11-13 01:05:13.782 | INFO     | scripts.train_CUB:train_val:81 - train loss: 0.7615452258982123, center loss: 4.003647857345641, pair loss: 280.8039766550064
2023-11-13 01:05:13.782 | INFO     | scripts.train_CUB:train_val:53 - [Ours] 14/1000 01:05:13 bits: 16 dataset: nabirds loss way: Ours training...
2023-11-13 01:08:47.456 | INFO     | scripts.train_CUB:train_val:81 - train loss: 0.7517999315006848, center loss: 4.104309824295342, pair loss: 277.0586729645729
2023-11-13 01:08:47.457 | INFO     | scripts.train_CUB:train_val:53 - [Ours] 15/1000 01:08:47 bits: 16 dataset: nabirds loss way: Ours training...
2023-11-13 01:12:20.717 | INFO     | scripts.train_CUB:train_val:81 - train loss: 0.7440705753583959, center loss: 4.187952937558293, pair loss: 274.0843852162361
2023-11-13 01:16:44.775 | INFO     | scripts.train_CUB:train_val:107 - [Ours] 15/1000 01:08:47 bits: 16 dataset: nabirds Best mAP: 0.1896335072091771, current mAP: 0.18451695355986308
2023-11-13 01:16:44.776 | INFO     | scripts.train_CUB:train_val:53 - [Ours] 16/1000 01:16:44 bits: 16 dataset: nabirds loss way: Ours training...
2023-11-13 01:20:17.440 | INFO     | scripts.train_CUB:train_val:81 - train loss: 0.7380673262205991, center loss: 4.26026622671634, pair loss: 271.76694256067276
2023-11-13 01:20:17.441 | INFO     | scripts.train_CUB:train_val:53 - [Ours] 17/1000 01:20:17 bits: 16 dataset: nabirds loss way: Ours training...
2023-11-13 01:23:50.753 | INFO     | scripts.train_CUB:train_val:81 - train loss: 0.7337130465928245, center loss: 4.317838496528566, pair loss: 270.0809123516083
2023-11-13 01:23:50.754 | INFO     | scripts.train_CUB:train_val:53 - [Ours] 18/1000 01:23:50 bits: 16 dataset: nabirds loss way: Ours training...
2023-11-13 01:27:24.452 | INFO     | scripts.train_CUB:train_val:81 - train loss: 0.7302944462567089, center loss: 4.366404853761196, pair loss: 268.7538106441498
2023-11-13 01:31:48.372 | INFO     | scripts.train_CUB:train_val:107 - [Ours] 18/1000 01:23:50 bits: 16 dataset: nabirds Best mAP: 0.1896335072091771, current mAP: 0.16986112157438696
2023-11-13 01:31:48.373 | INFO     | scripts.train_CUB:train_val:53 - [Ours] 19/1000 01:31:48 bits: 16 dataset: nabirds loss way: Ours training...
2023-11-13 01:35:20.372 | INFO     | scripts.train_CUB:train_val:81 - train loss: 0.7272886907990603, center loss: 4.410914898850024, pair loss: 267.58514845371246
2023-11-13 01:35:20.373 | INFO     | scripts.train_CUB:train_val:53 - [Ours] 20/1000 01:35:20 bits: 16 dataset: nabirds loss way: Ours training...
2023-11-13 01:38:53.279 | INFO     | scripts.train_CUB:train_val:81 - train loss: 0.7248948278592869, center loss: 4.449088506400585, pair loss: 266.65164560079575
2023-11-13 01:38:53.279 | INFO     | scripts.train_CUB:train_val:53 - [Ours] 21/1000 01:38:53 bits: 16 dataset: nabirds loss way: Ours training...
2023-11-13 01:42:27.067 | INFO     | scripts.train_CUB:train_val:81 - train loss: 0.722832579982472, center loss: 4.480490020476282, pair loss: 265.8489329814911
2023-11-13 01:46:48.836 | INFO     | scripts.train_CUB:train_val:107 - [Ours] 21/1000 01:38:53 bits: 16 dataset: nabirds Best mAP: 0.1896335072091771, current mAP: 0.16231971766182138
2023-11-13 01:46:48.837 | INFO     | scripts.train_CUB:train_val:53 - [Ours] 22/1000 01:46:48 bits: 16 dataset: nabirds loss way: Ours training...
2023-11-13 01:50:20.986 | INFO     | scripts.train_CUB:train_val:81 - train loss: 0.7210630833465148, center loss: 4.510718513280153, pair loss: 265.1569125652313
2023-11-13 01:50:20.987 | INFO     | scripts.train_CUB:train_val:53 - [Ours] 23/1000 01:50:20 bits: 16 dataset: nabirds loss way: Ours training...
2023-11-13 01:53:53.738 | INFO     | scripts.train_CUB:train_val:81 - train loss: 0.7195156862072766, center loss: 4.536868241615593, pair loss: 264.551997423172
2023-11-13 01:53:53.738 | INFO     | scripts.train_CUB:train_val:53 - [Ours] 24/1000 01:53:53 bits: 16 dataset: nabirds loss way: Ours training...
2023-11-13 01:57:27.423 | INFO     | scripts.train_CUB:train_val:81 - train loss: 0.718131099952096, center loss: 4.561700367368758, pair loss: 264.00936579704285
2023-11-13 02:01:49.338 | INFO     | scripts.train_CUB:train_val:107 - [Ours] 24/1000 01:53:53 bits: 16 dataset: nabirds Best mAP: 0.1896335072091771, current mAP: 0.1499260786490727
2023-11-13 02:01:49.339 | INFO     | scripts.train_CUB:train_val:53 - [Ours] 25/1000 02:01:49 bits: 16 dataset: nabirds loss way: Ours training...
2023-11-13 02:05:21.308 | INFO     | scripts.train_CUB:train_val:81 - train loss: 0.7169383383370975, center loss: 4.583744872361422, pair loss: 263.541216135025
2023-11-13 02:05:21.309 | INFO     | scripts.train_CUB:train_val:53 - [Ours] 26/1000 02:05:21 bits: 16 dataset: nabirds loss way: Ours training...
2023-11-13 02:08:54.544 | INFO     | scripts.train_CUB:train_val:81 - train loss: 0.7159690066454882, center loss: 4.603906214237213, pair loss: 263.1585067510605
2023-11-13 02:08:54.545 | INFO     | scripts.train_CUB:train_val:53 - [Ours] 27/1000 02:08:54 bits: 16 dataset: nabirds loss way: Ours training...
2023-11-13 02:12:28.898 | INFO     | scripts.train_CUB:train_val:81 - train loss: 0.7151383861182208, center loss: 4.621901044622064, pair loss: 262.82982754707336
2023-11-13 02:16:49.627 | INFO     | scripts.train_CUB:train_val:107 - [Ours] 27/1000 02:08:54 bits: 16 dataset: nabirds Best mAP: 0.1896335072091771, current mAP: 0.14308859844105884
2023-11-13 02:16:49.627 | INFO     | scripts.train_CUB:train_val:53 - [Ours] 28/1000 02:16:49 bits: 16 dataset: nabirds loss way: Ours training...
2023-11-13 02:20:22.513 | INFO     | scripts.train_CUB:train_val:81 - train loss: 0.7145055148372038, center loss: 4.638817948289216, pair loss: 262.576158285141
2023-11-13 02:20:22.513 | INFO     | scripts.train_CUB:train_val:53 - [Ours] 29/1000 02:20:22 bits: 16 dataset: nabirds loss way: Ours training...
2023-11-13 02:23:56.512 | INFO     | scripts.train_CUB:train_val:81 - train loss: 0.7140935052206172, center loss: 4.653106893412769, pair loss: 262.40779680013657
2023-11-13 02:23:56.513 | INFO     | scripts.train_CUB:train_val:53 - [Ours] 30/1000 02:23:56 bits: 16 dataset: nabirds loss way: Ours training...
2023-11-13 02:27:29.021 | INFO     | scripts.train_CUB:train_val:81 - train loss: 0.7134054613942131, center loss: 4.667379484511912, pair loss: 262.1362027525902
2023-11-13 02:31:50.623 | INFO     | scripts.train_CUB:train_val:107 - [Ours] 30/1000 02:23:56 bits: 16 dataset: nabirds Best mAP: 0.1896335072091771, current mAP: 0.12760976029324939
2023-11-13 02:31:50.624 | INFO     | scripts.train_CUB:train_val:53 - [Ours] 31/1000 02:31:50 bits: 16 dataset: nabirds loss way: Ours training...
2023-11-13 02:35:23.646 | INFO     | scripts.train_CUB:train_val:81 - train loss: 0.7128303882909969, center loss: 4.678201302886009, pair loss: 261.91023004055023
2023-11-13 02:35:23.647 | INFO     | scripts.train_CUB:train_val:53 - [Ours] 32/1000 02:35:23 bits: 16 dataset: nabirds loss way: Ours training...
2023-11-13 02:38:57.958 | INFO     | scripts.train_CUB:train_val:81 - train loss: 0.7125543198164772, center loss: 4.690933449193835, pair loss: 261.79428803920746
2023-11-13 02:38:57.959 | INFO     | scripts.train_CUB:train_val:53 - [Ours] 33/1000 02:38:57 bits: 16 dataset: nabirds loss way: Ours training...
2023-11-13 02:42:31.413 | INFO     | scripts.train_CUB:train_val:81 - train loss: 0.7118121591162554, center loss: 4.702357162721455, pair loss: 261.505379319191
2023-11-13 02:46:53.100 | INFO     | scripts.train_CUB:train_val:107 - [Ours] 33/1000 02:38:57 bits: 16 dataset: nabirds Best mAP: 0.1896335072091771, current mAP: 0.11559628335612919
2023-11-13 02:46:53.100 | INFO     | scripts.train_CUB:train_val:53 - [Ours] 34/1000 02:46:53 bits: 16 dataset: nabirds loss way: Ours training...
2023-11-13 02:50:25.512 | INFO     | scripts.train_CUB:train_val:81 - train loss: 0.7117633779737401, center loss: 4.7111570462584496, pair loss: 261.478297829628
2023-11-13 02:50:25.513 | INFO     | scripts.train_CUB:train_val:53 - [Ours] 35/1000 02:50:25 bits: 16 dataset: nabirds loss way: Ours training...
2023-11-13 02:53:58.759 | INFO     | scripts.train_CUB:train_val:81 - train loss: 0.7111759536406573, center loss: 4.7213967982679605, pair loss: 261.2483565211296
2023-11-13 02:53:58.759 | INFO     | scripts.train_CUB:train_val:53 - [Ours] 36/1000 02:53:58 bits: 16 dataset: nabirds loss way: Ours training...
2023-11-13 02:57:32.657 | INFO     | scripts.train_CUB:train_val:81 - train loss: 0.7109903213493327, center loss: 4.730004764162004, pair loss: 261.1703682541847
2023-11-13 03:01:53.304 | INFO     | scripts.train_CUB:train_val:107 - [Ours] 36/1000 02:53:58 bits: 16 dataset: nabirds Best mAP: 0.1896335072091771, current mAP: 0.10688235619562268
2023-11-13 03:01:53.304 | INFO     | scripts.train_CUB:train_val:53 - [Ours] 37/1000 03:01:53 bits: 16 dataset: nabirds loss way: Ours training...
2023-11-13 03:05:25.408 | INFO     | scripts.train_CUB:train_val:81 - train loss: 0.7109357606280934, center loss: 4.736165884882212, pair loss: 261.14383774995804
2023-11-13 03:05:25.408 | INFO     | scripts.train_CUB:train_val:53 - [Ours] 38/1000 03:05:25 bits: 16 dataset: nabirds loss way: Ours training...
2023-11-13 03:08:58.983 | INFO     | scripts.train_CUB:train_val:81 - train loss: 0.7106238138229451, center loss: 4.744048925116658, pair loss: 261.01926749944687
2023-11-13 03:08:58.984 | INFO     | scripts.train_CUB:train_val:53 - [Ours] 39/1000 03:08:58 bits: 16 dataset: nabirds loss way: Ours training...
2023-11-13 03:12:32.710 | INFO     | scripts.train_CUB:train_val:81 - train loss: 0.7103524180975828, center loss: 4.751318335533142, pair loss: 260.9105892777443
2023-11-13 03:16:53.221 | INFO     | scripts.train_CUB:train_val:107 - [Ours] 39/1000 03:08:58 bits: 16 dataset: nabirds Best mAP: 0.1896335072091771, current mAP: 0.10495314800127191
2023-11-13 03:16:53.222 | INFO     | scripts.train_CUB:train_val:53 - [Ours] 40/1000 03:16:53 bits: 16 dataset: nabirds loss way: Ours training...
2023-11-13 03:20:24.741 | INFO     | scripts.train_CUB:train_val:81 - train loss: 0.7101287588397449, center loss: 4.75556147377938, pair loss: 260.822641313076
2023-11-13 03:20:24.741 | INFO     | scripts.train_CUB:train_val:53 - [Ours] 41/1000 03:20:24 bits: 16 dataset: nabirds loss way: Ours training...
2023-11-13 03:23:58.347 | INFO     | scripts.train_CUB:train_val:81 - train loss: 0.7099577024339992, center loss: 4.761665286496282, pair loss: 260.7526385188103
2023-11-13 03:23:58.348 | INFO     | scripts.train_CUB:train_val:53 - [Ours] 42/1000 03:23:58 bits: 16 dataset: nabirds loss way: Ours training...
2023-11-13 03:27:32.664 | INFO     | scripts.train_CUB:train_val:81 - train loss: 0.7097398426762239, center loss: 4.76473353523761, pair loss: 260.66814386844635
2023-11-13 03:31:54.016 | INFO     | scripts.train_CUB:train_val:107 - [Ours] 42/1000 03:23:58 bits: 16 dataset: nabirds Best mAP: 0.1896335072091771, current mAP: 0.09899680023026063
2023-11-13 03:31:54.016 | INFO     | scripts.train_CUB:train_val:53 - [Ours] 43/1000 03:31:54 bits: 16 dataset: nabirds loss way: Ours training...
2023-11-13 03:35:26.657 | INFO     | scripts.train_CUB:train_val:81 - train loss: 0.7095145202256778, center loss: 4.767305717803538, pair loss: 260.58130049705505
2023-11-13 03:35:26.657 | INFO     | scripts.train_CUB:train_val:53 - [Ours] 44/1000 03:35:26 bits: 16 dataset: nabirds loss way: Ours training...
2023-11-13 03:39:00.303 | INFO     | scripts.train_CUB:train_val:81 - train loss: 0.709321231287431, center loss: 4.772336145862937, pair loss: 260.5039835572243
2023-11-13 03:39:00.303 | INFO     | scripts.train_CUB:train_val:53 - [Ours] 45/1000 03:39:00 bits: 16 dataset: nabirds loss way: Ours training...
2023-11-13 03:42:33.443 | INFO     | scripts.train_CUB:train_val:81 - train loss: 0.7090776884619565, center loss: 4.775737155228853, pair loss: 260.40950858592987
2023-11-13 03:46:53.380 | INFO     | scripts.train_CUB:train_val:100 - valid mAP: 0.1896335072091771
2023-11-13 10:36:17.170 | INFO     | scripts.train_CUB:train_val:48 - config: {'seed': 60, 'm': 16, 'alpha': 1, 'beta': 1.0, 'beta2': 0.01, 'mome': 0.9, 'epoch_change': 9, 'sigma': 1.0, 'gamma': 20.0, 'lambda': 0.0001, 'mu': 1, 'nu': 1, 'eta': 55, 'dcc_iter': 10, 'optimizer': {'type': <class 'torch.optim.rmsprop.RMSprop'>, 'optim_param': {'lr': 1e-05, 'weight_decay': 1e-05}}, 'resize_size': 256, 'crop_size': 224, 'batch_size': 64, 'net': <class 'model.Net.MoCo'>, 'dataset': 'nabirds', 'without_BN': False, 'epoch': 1000, 'test_map': 3, 'stop_iter': 10, 'device': device(type='cuda'), 'n_gpu': 1, 'bit_list': [16], 'max_norm': 5.0, 'T': 0.001, 'resnet_url': '../../Pretrain/resnet50-19c8e357.pth', 'url': '../../Pretrain/moco_v2_800ep_pretrain.pth', 'txt_path': '../../data/glove/glove.6B.50d.txt', 'label_size': 100, 'update_center': False, 'topk': -1, 'n_class': 555, 'data_path': '../../data/nabirds/images/', 'data': {'train_set': {'list_path': './data/nabirds/train.txt', 'batch_size': 64}, 'test_set': {'list_path': './data/nabirds/test.txt', 'batch_size': 64}, 'database': {'list_path': './data/nabirds/train.txt', 'batch_size': 64}}, 'order_seed': 80, 'center_path': './centerswithoutVar/CSQ_init_True_555_16.npy', 'CSQ_center': './CSQcenters/CSQ_555_16.npy', 'remarks': 'Ours', 'save_path': './results/nabirds/Ours', 'save_center': './results/nabirds/Ours/ours_16.npy', 'info': '[Ours]', 'loss_way': 'Ours', 'num_train': 23929}
2023-11-13 10:36:17.171 | INFO     | scripts.train_CUB:train_val:53 - [Ours] 1/1000 10:36:17 bits: 16 dataset: nabirds loss way: Ours training...
2023-11-13 10:39:47.733 | INFO     | scripts.train_CUB:train_val:81 - train loss: 0.013030136838296359, center loss: 4.862831291742623, pair loss: 0
2023-11-13 10:39:47.734 | INFO     | scripts.train_CUB:train_val:53 - [Ours] 2/1000 10:39:47 bits: 16 dataset: nabirds loss way: Ours training...
2023-11-13 10:43:15.506 | INFO     | scripts.train_CUB:train_val:81 - train loss: 0.012084081186290412, center loss: 4.508963443338871, pair loss: 0
2023-11-13 10:43:15.507 | INFO     | scripts.train_CUB:train_val:53 - [Ours] 3/1000 10:43:15 bits: 16 dataset: nabirds loss way: Ours training...
2023-11-13 10:46:49.215 | INFO     | scripts.train_CUB:train_val:81 - train loss: 0.011513768351651767, center loss: 4.2956037083640695, pair loss: 0
2023-11-13 10:51:57.173 | INFO     | scripts.train_CUB:train_val:97 - save in ./results/nabirds/Ours
2023-11-13 10:51:57.174 | INFO     | scripts.train_CUB:train_val:107 - [Ours] 3/1000 10:43:15 bits: 16 dataset: nabirds Best mAP: 0.0453098400705979, current mAP: 0.0453098400705979
2023-11-13 10:51:57.174 | INFO     | scripts.train_CUB:train_val:53 - [Ours] 4/1000 10:51:57 bits: 16 dataset: nabirds loss way: Ours training...
2023-11-13 10:55:28.210 | INFO     | scripts.train_CUB:train_val:81 - train loss: 0.011075200557828268, center loss: 4.131520842202008, pair loss: 0
2023-11-13 10:55:28.210 | INFO     | scripts.train_CUB:train_val:53 - [Ours] 5/1000 10:55:28 bits: 16 dataset: nabirds loss way: Ours training...
2023-11-13 10:59:01.501 | INFO     | scripts.train_CUB:train_val:81 - train loss: 0.010698001938847138, center loss: 3.9904669895768166, pair loss: 0
2023-11-13 10:59:01.501 | INFO     | scripts.train_CUB:train_val:53 - [Ours] 6/1000 10:59:01 bits: 16 dataset: nabirds loss way: Ours training...
2023-11-13 11:02:34.504 | INFO     | scripts.train_CUB:train_val:81 - train loss: 0.010415307156502563, center loss: 3.884765156544745, pair loss: 0
2023-11-13 11:07:07.360 | INFO     | scripts.train_CUB:train_val:97 - save in ./results/nabirds/Ours
2023-11-13 11:07:07.360 | INFO     | scripts.train_CUB:train_val:107 - [Ours] 6/1000 10:59:01 bits: 16 dataset: nabirds Best mAP: 0.08787425593013455, current mAP: 0.08787425593013455
2023-11-13 11:07:07.361 | INFO     | scripts.train_CUB:train_val:53 - [Ours] 7/1000 11:07:07 bits: 16 dataset: nabirds loss way: Ours training...
2023-11-13 11:10:39.684 | INFO     | scripts.train_CUB:train_val:81 - train loss: 0.010137682631213398, center loss: 3.7809879928827286, pair loss: 0
2023-11-13 11:10:39.684 | INFO     | scripts.train_CUB:train_val:53 - [Ours] 8/1000 11:10:39 bits: 16 dataset: nabirds loss way: Ours training...
2023-11-13 11:14:12.631 | INFO     | scripts.train_CUB:train_val:81 - train loss: 0.009921891452933856, center loss: 3.700338304042816, pair loss: 0
2023-11-13 11:14:12.632 | INFO     | scripts.train_CUB:train_val:53 - [Ours] 9/1000 11:14:12 bits: 16 dataset: nabirds loss way: Ours training...
2023-11-13 11:17:46.928 | INFO     | scripts.train_CUB:train_val:81 - train loss: 0.009705953292528735, center loss: 3.619646876119077, pair loss: 0
2023-11-13 11:22:19.475 | INFO     | scripts.train_CUB:train_val:97 - save in ./results/nabirds/Ours
2023-11-13 11:22:19.475 | INFO     | scripts.train_CUB:train_val:107 - [Ours] 9/1000 11:14:12 bits: 16 dataset: nabirds Best mAP: 0.13621946100369617, current mAP: 0.13621946100369617
2023-11-13 11:22:19.476 | INFO     | scripts.train_CUB:train_val:53 - [Ours] 10/1000 11:22:19 bits: 16 dataset: nabirds loss way: Ours training...
2023-11-13 11:25:51.848 | INFO     | scripts.train_CUB:train_val:81 - train loss: 0.8195270095916993, center loss: 3.669620265252888, pair loss: 302.8230991959572
2023-11-13 11:25:51.849 | INFO     | scripts.train_CUB:train_val:53 - [Ours] 11/1000 11:25:51 bits: 16 dataset: nabirds loss way: Ours training...
2023-11-13 11:29:28.598 | INFO     | scripts.train_CUB:train_val:81 - train loss: 0.7928097176360575, center loss: 3.7608763836324215, pair loss: 292.7395330071449
2023-11-13 11:29:28.599 | INFO     | scripts.train_CUB:train_val:53 - [Ours] 12/1000 11:29:28 bits: 16 dataset: nabirds loss way: Ours training...
2023-11-13 11:33:02.362 | INFO     | scripts.train_CUB:train_val:81 - train loss: 0.774481371124798, center loss: 3.8877940829843283, pair loss: 285.7578449845314
2023-11-13 11:38:15.134 | INFO     | scripts.train_CUB:train_val:97 - save in ./results/nabirds/Ours
2023-11-13 11:38:15.135 | INFO     | scripts.train_CUB:train_val:107 - [Ours] 12/1000 11:29:28 bits: 16 dataset: nabirds Best mAP: 0.1896335072091771, current mAP: 0.1896335072091771
2023-11-13 11:38:15.135 | INFO     | scripts.train_CUB:train_val:53 - [Ours] 13/1000 11:38:15 bits: 16 dataset: nabirds loss way: Ours training...
2023-11-13 11:41:48.799 | INFO     | scripts.train_CUB:train_val:81 - train loss: 0.7615452258982123, center loss: 4.003647857345641, pair loss: 280.8039766550064
2023-11-13 11:41:48.800 | INFO     | scripts.train_CUB:train_val:53 - [Ours] 14/1000 11:41:48 bits: 16 dataset: nabirds loss way: Ours training...
2023-11-13 11:45:23.709 | INFO     | scripts.train_CUB:train_val:81 - train loss: 0.7517999315006848, center loss: 4.104309824295342, pair loss: 277.0586729645729
2023-11-13 11:45:23.710 | INFO     | scripts.train_CUB:train_val:53 - [Ours] 15/1000 11:45:23 bits: 16 dataset: nabirds loss way: Ours training...
2023-11-13 11:48:57.510 | INFO     | scripts.train_CUB:train_val:81 - train loss: 0.7440705753583959, center loss: 4.187952937558293, pair loss: 274.0843852162361
2023-11-13 11:54:03.590 | INFO     | scripts.train_CUB:train_val:107 - [Ours] 15/1000 11:45:23 bits: 16 dataset: nabirds Best mAP: 0.1896335072091771, current mAP: 0.18451695355986308
2023-11-13 11:54:03.591 | INFO     | scripts.train_CUB:train_val:53 - [Ours] 16/1000 11:54:03 bits: 16 dataset: nabirds loss way: Ours training...
2023-11-13 11:57:38.520 | INFO     | scripts.train_CUB:train_val:81 - train loss: 0.7380673262205991, center loss: 4.26026622671634, pair loss: 271.76694256067276
2023-11-13 11:57:38.520 | INFO     | scripts.train_CUB:train_val:53 - [Ours] 17/1000 11:57:38 bits: 16 dataset: nabirds loss way: Ours training...
2023-11-13 12:01:19.191 | INFO     | scripts.train_CUB:train_val:81 - train loss: 0.7337130465928245, center loss: 4.317838496528566, pair loss: 270.0809123516083
2023-11-13 12:01:19.191 | INFO     | scripts.train_CUB:train_val:53 - [Ours] 18/1000 12:01:19 bits: 16 dataset: nabirds loss way: Ours training...
2023-11-13 12:04:54.806 | INFO     | scripts.train_CUB:train_val:81 - train loss: 0.7302944462567089, center loss: 4.366404853761196, pair loss: 268.7538106441498
2023-11-13 12:09:52.924 | INFO     | scripts.train_CUB:train_val:107 - [Ours] 18/1000 12:01:19 bits: 16 dataset: nabirds Best mAP: 0.1896335072091771, current mAP: 0.16986112157438696
2023-11-13 12:09:52.924 | INFO     | scripts.train_CUB:train_val:53 - [Ours] 19/1000 12:09:52 bits: 16 dataset: nabirds loss way: Ours training...
2023-11-13 12:13:29.315 | INFO     | scripts.train_CUB:train_val:81 - train loss: 0.7272886907990603, center loss: 4.410914898850024, pair loss: 267.58514845371246
2023-11-13 12:13:29.316 | INFO     | scripts.train_CUB:train_val:53 - [Ours] 20/1000 12:13:29 bits: 16 dataset: nabirds loss way: Ours training...
2023-11-13 12:17:05.075 | INFO     | scripts.train_CUB:train_val:81 - train loss: 0.7248948278592869, center loss: 4.449088506400585, pair loss: 266.65164560079575
2023-11-13 12:17:05.076 | INFO     | scripts.train_CUB:train_val:53 - [Ours] 21/1000 12:17:05 bits: 16 dataset: nabirds loss way: Ours training...
2023-11-13 12:20:40.161 | INFO     | scripts.train_CUB:train_val:81 - train loss: 0.722832579982472, center loss: 4.480490020476282, pair loss: 265.8489329814911
2023-11-13 12:25:06.776 | INFO     | scripts.train_CUB:train_val:107 - [Ours] 21/1000 12:17:05 bits: 16 dataset: nabirds Best mAP: 0.1896335072091771, current mAP: 0.16231971766182138
2023-11-13 12:25:06.776 | INFO     | scripts.train_CUB:train_val:53 - [Ours] 22/1000 12:25:06 bits: 16 dataset: nabirds loss way: Ours training...
2023-11-13 12:28:41.980 | INFO     | scripts.train_CUB:train_val:81 - train loss: 0.7210630833465148, center loss: 4.510718513280153, pair loss: 265.1569125652313
2023-11-13 12:28:41.981 | INFO     | scripts.train_CUB:train_val:53 - [Ours] 23/1000 12:28:41 bits: 16 dataset: nabirds loss way: Ours training...
2023-11-13 12:32:18.232 | INFO     | scripts.train_CUB:train_val:81 - train loss: 0.7195156862072766, center loss: 4.536868241615593, pair loss: 264.551997423172
2023-11-13 12:32:18.232 | INFO     | scripts.train_CUB:train_val:53 - [Ours] 24/1000 12:32:18 bits: 16 dataset: nabirds loss way: Ours training...
2023-11-13 12:35:54.699 | INFO     | scripts.train_CUB:train_val:81 - train loss: 0.718131099952096, center loss: 4.561700367368758, pair loss: 264.00936579704285
2023-11-13 12:40:32.680 | INFO     | scripts.train_CUB:train_val:107 - [Ours] 24/1000 12:32:18 bits: 16 dataset: nabirds Best mAP: 0.1896335072091771, current mAP: 0.1499260786490727
2023-11-13 12:40:32.681 | INFO     | scripts.train_CUB:train_val:53 - [Ours] 25/1000 12:40:32 bits: 16 dataset: nabirds loss way: Ours training...
2023-11-13 12:44:08.523 | INFO     | scripts.train_CUB:train_val:81 - train loss: 0.7169383383370975, center loss: 4.583744872361422, pair loss: 263.541216135025
2023-11-13 12:44:08.523 | INFO     | scripts.train_CUB:train_val:53 - [Ours] 26/1000 12:44:08 bits: 16 dataset: nabirds loss way: Ours training...
2023-11-13 12:47:48.724 | INFO     | scripts.train_CUB:train_val:81 - train loss: 0.7159690066454882, center loss: 4.603906214237213, pair loss: 263.1585067510605
2023-11-13 12:47:48.725 | INFO     | scripts.train_CUB:train_val:53 - [Ours] 27/1000 12:47:48 bits: 16 dataset: nabirds loss way: Ours training...
2023-11-13 12:51:25.533 | INFO     | scripts.train_CUB:train_val:81 - train loss: 0.7151377444917505, center loss: 4.621903506107628, pair loss: 262.82958418130875
2023-11-13 12:55:53.016 | INFO     | scripts.train_CUB:train_val:107 - [Ours] 27/1000 12:47:48 bits: 16 dataset: nabirds Best mAP: 0.1896335072091771, current mAP: 0.14284146302882836
2023-11-13 12:55:53.016 | INFO     | scripts.train_CUB:train_val:53 - [Ours] 28/1000 12:55:53 bits: 16 dataset: nabirds loss way: Ours training...
2023-11-13 12:59:28.536 | INFO     | scripts.train_CUB:train_val:81 - train loss: 0.7145094756774086, center loss: 4.638766716234386, pair loss: 262.5776899456978
2023-11-13 12:59:28.537 | INFO     | scripts.train_CUB:train_val:53 - [Ours] 29/1000 12:59:28 bits: 16 dataset: nabirds loss way: Ours training...
2023-11-13 13:03:04.709 | INFO     | scripts.train_CUB:train_val:81 - train loss: 0.7141076377368866, center loss: 4.653117054142058, pair loss: 262.4130735397339
2023-11-13 13:03:04.710 | INFO     | scripts.train_CUB:train_val:53 - [Ours] 30/1000 13:03:04 bits: 16 dataset: nabirds loss way: Ours training...
2023-11-13 13:06:40.769 | INFO     | scripts.train_CUB:train_val:81 - train loss: 0.7134184445289367, center loss: 4.667298537679017, pair loss: 262.1411368250847
2023-11-13 13:11:08.645 | INFO     | scripts.train_CUB:train_val:107 - [Ours] 30/1000 13:03:04 bits: 16 dataset: nabirds Best mAP: 0.1896335072091771, current mAP: 0.12658100518703905
2023-11-13 13:11:08.646 | INFO     | scripts.train_CUB:train_val:53 - [Ours] 31/1000 13:11:08 bits: 16 dataset: nabirds loss way: Ours training...
2023-11-13 13:14:42.873 | INFO     | scripts.train_CUB:train_val:81 - train loss: 0.7128432520570602, center loss: 4.678045321255922, pair loss: 261.9151945114136
2023-11-13 13:14:42.874 | INFO     | scripts.train_CUB:train_val:53 - [Ours] 32/1000 13:14:42 bits: 16 dataset: nabirds loss way: Ours training...
2023-11-13 13:18:18.618 | INFO     | scripts.train_CUB:train_val:81 - train loss: 0.7125369659400879, center loss: 4.690863113850355, pair loss: 261.7878773212433
2023-11-13 13:18:18.618 | INFO     | scripts.train_CUB:train_val:53 - [Ours] 33/1000 13:18:18 bits: 16 dataset: nabirds loss way: Ours training...
2023-11-13 13:21:57.910 | INFO     | scripts.train_CUB:train_val:81 - train loss: 0.7118064993843037, center loss: 4.702546740882099, pair loss: 261.5030720233917
2023-11-13 13:26:16.719 | INFO     | scripts.train_CUB:train_val:107 - [Ours] 33/1000 13:18:18 bits: 16 dataset: nabirds Best mAP: 0.1896335072091771, current mAP: 0.11627450826736971
2023-11-13 13:26:16.720 | INFO     | scripts.train_CUB:train_val:53 - [Ours] 34/1000 13:26:16 bits: 16 dataset: nabirds loss way: Ours training...
2023-11-13 13:29:53.400 | INFO     | scripts.train_CUB:train_val:81 - train loss: 0.7117343788797205, center loss: 4.7115461602807045, pair loss: 261.46706223487854
2023-11-13 13:29:53.401 | INFO     | scripts.train_CUB:train_val:53 - [Ours] 35/1000 13:29:53 bits: 16 dataset: nabirds loss way: Ours training...
2023-11-13 13:33:27.513 | INFO     | scripts.train_CUB:train_val:81 - train loss: 0.711178106101439, center loss: 4.721877473406494, pair loss: 261.2486763000488
2023-11-13 13:33:27.513 | INFO     | scripts.train_CUB:train_val:53 - [Ours] 36/1000 13:33:27 bits: 16 dataset: nabirds loss way: Ours training...
2023-11-13 13:37:02.840 | INFO     | scripts.train_CUB:train_val:81 - train loss: 0.7109731829421405, center loss: 4.730580692179501, pair loss: 261.1633805036545
2023-11-13 13:41:26.883 | INFO     | scripts.train_CUB:train_val:107 - [Ours] 36/1000 13:33:27 bits: 16 dataset: nabirds Best mAP: 0.1896335072091771, current mAP: 0.10969293610151537
2023-11-13 13:41:26.883 | INFO     | scripts.train_CUB:train_val:53 - [Ours] 37/1000 13:41:26 bits: 16 dataset: nabirds loss way: Ours training...
2023-11-13 13:45:00.060 | INFO     | scripts.train_CUB:train_val:81 - train loss: 0.7109126134670992, center loss: 4.736723656766117, pair loss: 261.1346193552017
2023-11-13 13:45:00.061 | INFO     | scripts.train_CUB:train_val:53 - [Ours] 38/1000 13:45:00 bits: 16 dataset: nabirds loss way: Ours training...
2023-11-13 13:48:33.649 | INFO     | scripts.train_CUB:train_val:81 - train loss: 0.7106406084675202, center loss: 4.74456412345171, pair loss: 261.0250169634819
2023-11-13 13:48:33.649 | INFO     | scripts.train_CUB:train_val:53 - [Ours] 39/1000 13:48:33 bits: 16 dataset: nabirds loss way: Ours training...
2023-11-13 13:52:08.672 | INFO     | scripts.train_CUB:train_val:81 - train loss: 0.7103321098070093, center loss: 4.7514597633853555, pair loss: 260.902844786644
2023-11-13 13:56:51.785 | INFO     | scripts.train_CUB:train_val:107 - [Ours] 39/1000 13:48:33 bits: 16 dataset: nabirds Best mAP: 0.1896335072091771, current mAP: 0.10499038681765538
2023-11-13 13:56:51.786 | INFO     | scripts.train_CUB:train_val:53 - [Ours] 40/1000 13:56:51 bits: 16 dataset: nabirds loss way: Ours training...
2023-11-13 14:00:28.480 | INFO     | scripts.train_CUB:train_val:81 - train loss: 0.7101483674929103, center loss: 4.755569275468588, pair loss: 260.82997304201126
2023-11-13 14:00:28.481 | INFO     | scripts.train_CUB:train_val:53 - [Ours] 41/1000 14:00:28 bits: 16 dataset: nabirds loss way: Ours training...
2023-11-13 14:04:03.456 | INFO     | scripts.train_CUB:train_val:81 - train loss: 0.7099528334995004, center loss: 4.761978793889284, pair loss: 260.7505030632019
2023-11-13 14:04:03.457 | INFO     | scripts.train_CUB:train_val:53 - [Ours] 42/1000 14:04:03 bits: 16 dataset: nabirds loss way: Ours training...
2023-11-13 14:07:41.989 | INFO     | scripts.train_CUB:train_val:81 - train loss: 0.7097134166222843, center loss: 4.76479051169008, pair loss: 260.6581946015358
2023-11-13 14:12:32.754 | INFO     | scripts.train_CUB:train_val:107 - [Ours] 42/1000 14:04:03 bits: 16 dataset: nabirds Best mAP: 0.1896335072091771, current mAP: 0.09749359626988116
2023-11-13 14:12:32.755 | INFO     | scripts.train_CUB:train_val:53 - [Ours] 43/1000 14:12:32 bits: 16 dataset: nabirds loss way: Ours training...
2023-11-13 14:16:07.718 | INFO     | scripts.train_CUB:train_val:81 - train loss: 0.7094840574710765, center loss: 4.76788701210171, pair loss: 260.56932014226913
2023-11-13 14:16:07.719 | INFO     | scripts.train_CUB:train_val:53 - [Ours] 44/1000 14:16:07 bits: 16 dataset: nabirds loss way: Ours training...
2023-11-13 14:19:43.841 | INFO     | scripts.train_CUB:train_val:81 - train loss: 0.7093617195751578, center loss: 4.772324858233333, pair loss: 260.51914328336716
2023-11-13 14:19:43.841 | INFO     | scripts.train_CUB:train_val:53 - [Ours] 45/1000 14:19:43 bits: 16 dataset: nabirds loss way: Ours training...
2023-11-13 14:23:19.427 | INFO     | scripts.train_CUB:train_val:81 - train loss: 0.7090986010862544, center loss: 4.775612568482757, pair loss: 260.41744750738144
2023-11-13 14:27:56.188 | INFO     | scripts.train_CUB:train_val:100 - valid mAP: 0.1896335072091771
2023-11-14 13:40:22.678 | INFO     | scripts.train_CUB:train_val:49 - config: {'seed': 60, 'm': 16, 'alpha': 1, 'beta': 1.0, 'beta2': 0.01, 'mome': 0.9, 'epoch_change': 9, 'sigma': 1.0, 'gamma': 20.0, 'lambda': 0.0001, 'mu': 1, 'nu': 1, 'eta': 55, 'dcc_iter': 10, 'optimizer': {'type': <class 'torch.optim.rmsprop.RMSprop'>, 'optim_param': {'lr': 1e-05, 'weight_decay': 1e-05}}, 'resize_size': 256, 'crop_size': 224, 'batch_size': 64, 'net': <class 'model.Net.MoCo'>, 'dataset': 'nabirds', 'without_BN': False, 'epoch': 1000, 'test_map': 3, 'stop_iter': 10, 'device': device(type='cuda'), 'n_gpu': 1, 'bit_list': [16], 'max_norm': 5.0, 'T': 0.001, 'resnet_url': '../../Pretrain/resnet50-19c8e357.pth', 'url': '../../Pretrain/moco_v2_800ep_pretrain.pth', 'txt_path': '../../data/glove/glove.6B.50d.txt', 'label_size': 100, 'update_center': False, 'topk': -1, 'n_class': 555, 'data_path': '../../data/nabirds/images/', 'data': {'train_set': {'list_path': './data/nabirds/train.txt', 'batch_size': 64}, 'test_set': {'list_path': './data/nabirds/test.txt', 'batch_size': 64}, 'database': {'list_path': './data/nabirds/train.txt', 'batch_size': 64}}, 'order_seed': 80, 'center_path': './centerswithoutVar/CSQ_init_True_555_16.npy', 'CSQ_center': './CSQcenters/CSQ_555_16.npy', 'remarks': 'Ours', 'save_path': './results/nabirds/Ours', 'save_center': './results/nabirds/Ours/ours_16.npy', 'info': '[Ours]', 'loss_way': 'Ours', 'num_train': 23929}
2023-11-14 13:40:22.699 | INFO     | scripts.train_CUB:train_val:54 - [Ours] 1/1000 13:40:22 bits: 16 dataset: nabirds loss way: Ours training...
2023-11-14 13:46:01.432 | INFO     | scripts.train_CUB:train_val:82 - train loss: 0.013030136838296359, center loss: 4.862831291742623, pair loss: 0
2023-11-14 13:46:01.433 | INFO     | scripts.train_CUB:train_val:54 - [Ours] 2/1000 13:46:01 bits: 16 dataset: nabirds loss way: Ours training...
2023-11-14 13:49:33.089 | INFO     | scripts.train_CUB:train_val:82 - train loss: 0.012084081186290412, center loss: 4.508963443338871, pair loss: 0
2023-11-14 13:49:33.090 | INFO     | scripts.train_CUB:train_val:54 - [Ours] 3/1000 13:49:33 bits: 16 dataset: nabirds loss way: Ours training...
2023-11-14 13:53:03.733 | INFO     | scripts.train_CUB:train_val:82 - train loss: 0.011513768351651767, center loss: 4.2956037083640695, pair loss: 0
2023-11-14 13:58:01.985 | INFO     | scripts.train_CUB:train_val:98 - save in ./results/nabirds/Ours
2023-11-14 13:58:01.986 | INFO     | scripts.train_CUB:train_val:108 - [Ours] 3/1000 13:49:33 bits: 16 dataset: nabirds Best mAP: 0.0453098400705979, current mAP: 0.0453098400705979
2023-11-14 13:58:01.986 | INFO     | scripts.train_CUB:train_val:54 - [Ours] 4/1000 13:58:01 bits: 16 dataset: nabirds loss way: Ours training...
2023-11-14 14:01:33.317 | INFO     | scripts.train_CUB:train_val:82 - train loss: 0.011075200557828268, center loss: 4.131520842202008, pair loss: 0
2023-11-14 14:01:33.318 | INFO     | scripts.train_CUB:train_val:54 - [Ours] 5/1000 14:01:33 bits: 16 dataset: nabirds loss way: Ours training...
2023-11-14 14:05:05.458 | INFO     | scripts.train_CUB:train_val:82 - train loss: 0.010698001938847138, center loss: 3.9904669895768166, pair loss: 0
2023-11-14 14:05:05.458 | INFO     | scripts.train_CUB:train_val:54 - [Ours] 6/1000 14:05:05 bits: 16 dataset: nabirds loss way: Ours training...
2023-11-14 14:08:38.108 | INFO     | scripts.train_CUB:train_val:82 - train loss: 0.010415307156502563, center loss: 3.884765156544745, pair loss: 0
2023-11-14 14:12:54.597 | INFO     | scripts.train_CUB:train_val:98 - save in ./results/nabirds/Ours
2023-11-14 14:12:54.597 | INFO     | scripts.train_CUB:train_val:108 - [Ours] 6/1000 14:05:05 bits: 16 dataset: nabirds Best mAP: 0.08787425593013455, current mAP: 0.08787425593013455
2023-11-14 14:12:54.598 | INFO     | scripts.train_CUB:train_val:54 - [Ours] 7/1000 14:12:54 bits: 16 dataset: nabirds loss way: Ours training...
2023-11-14 14:16:27.618 | INFO     | scripts.train_CUB:train_val:82 - train loss: 0.010137682631213398, center loss: 3.7809879928827286, pair loss: 0
2023-11-14 14:16:27.618 | INFO     | scripts.train_CUB:train_val:54 - [Ours] 8/1000 14:16:27 bits: 16 dataset: nabirds loss way: Ours training...
2023-11-14 14:20:00.787 | INFO     | scripts.train_CUB:train_val:82 - train loss: 0.009921891452933856, center loss: 3.700338304042816, pair loss: 0
2023-11-14 14:20:00.788 | INFO     | scripts.train_CUB:train_val:54 - [Ours] 9/1000 14:20:00 bits: 16 dataset: nabirds loss way: Ours training...
2023-11-14 14:23:33.731 | INFO     | scripts.train_CUB:train_val:82 - train loss: 0.009705953292528735, center loss: 3.619646876119077, pair loss: 0
2023-11-14 14:27:54.868 | INFO     | scripts.train_CUB:train_val:98 - save in ./results/nabirds/Ours
2023-11-14 14:27:54.868 | INFO     | scripts.train_CUB:train_val:108 - [Ours] 9/1000 14:20:00 bits: 16 dataset: nabirds Best mAP: 0.13621946100369617, current mAP: 0.13621946100369617
2023-11-14 14:27:54.868 | INFO     | scripts.train_CUB:train_val:54 - [Ours] 10/1000 14:27:54 bits: 16 dataset: nabirds loss way: Ours training...
2023-11-14 14:31:28.136 | INFO     | scripts.train_CUB:train_val:82 - train loss: 0.8195270095916993, center loss: 3.669620265252888, pair loss: 302.8230991959572
2023-11-14 14:31:28.137 | INFO     | scripts.train_CUB:train_val:54 - [Ours] 11/1000 14:31:28 bits: 16 dataset: nabirds loss way: Ours training...
2023-11-14 14:35:00.013 | INFO     | scripts.train_CUB:train_val:82 - train loss: 0.7928097176360575, center loss: 3.7608763836324215, pair loss: 292.7395330071449
2023-11-14 14:35:00.014 | INFO     | scripts.train_CUB:train_val:54 - [Ours] 12/1000 14:35:00 bits: 16 dataset: nabirds loss way: Ours training...
2023-11-14 14:38:32.201 | INFO     | scripts.train_CUB:train_val:82 - train loss: 0.774481371124798, center loss: 3.8877940829843283, pair loss: 285.7578449845314
2023-11-14 14:42:45.235 | INFO     | scripts.train_CUB:train_val:98 - save in ./results/nabirds/Ours
2023-11-14 14:42:45.236 | INFO     | scripts.train_CUB:train_val:108 - [Ours] 12/1000 14:35:00 bits: 16 dataset: nabirds Best mAP: 0.1896335072091771, current mAP: 0.1896335072091771
2023-11-14 14:42:45.236 | INFO     | scripts.train_CUB:train_val:54 - [Ours] 13/1000 14:42:45 bits: 16 dataset: nabirds loss way: Ours training...
2023-11-14 14:46:15.994 | INFO     | scripts.train_CUB:train_val:82 - train loss: 0.7615452258982123, center loss: 4.003647857345641, pair loss: 280.8039766550064
2023-11-14 14:46:15.994 | INFO     | scripts.train_CUB:train_val:54 - [Ours] 14/1000 14:46:15 bits: 16 dataset: nabirds loss way: Ours training...
2023-11-14 14:49:47.982 | INFO     | scripts.train_CUB:train_val:82 - train loss: 0.7517999315006848, center loss: 4.104309824295342, pair loss: 277.0586729645729
2023-11-14 14:49:47.983 | INFO     | scripts.train_CUB:train_val:54 - [Ours] 15/1000 14:49:47 bits: 16 dataset: nabirds loss way: Ours training...
2023-11-14 14:53:19.306 | INFO     | scripts.train_CUB:train_val:82 - train loss: 0.7440705753583959, center loss: 4.187952937558293, pair loss: 274.0843852162361
2023-11-14 14:57:32.293 | INFO     | scripts.train_CUB:train_val:108 - [Ours] 15/1000 14:49:47 bits: 16 dataset: nabirds Best mAP: 0.1896335072091771, current mAP: 0.18451695355986308
2023-11-14 14:57:32.293 | INFO     | scripts.train_CUB:train_val:54 - [Ours] 16/1000 14:57:32 bits: 16 dataset: nabirds loss way: Ours training...
2023-11-14 15:01:03.156 | INFO     | scripts.train_CUB:train_val:82 - train loss: 0.7380673262205991, center loss: 4.26026622671634, pair loss: 271.76694256067276
2023-11-14 15:01:03.156 | INFO     | scripts.train_CUB:train_val:54 - [Ours] 17/1000 15:01:03 bits: 16 dataset: nabirds loss way: Ours training...
2023-11-14 15:04:35.215 | INFO     | scripts.train_CUB:train_val:82 - train loss: 0.7337130465928245, center loss: 4.317838496528566, pair loss: 270.0809123516083
2023-11-14 15:04:35.215 | INFO     | scripts.train_CUB:train_val:54 - [Ours] 18/1000 15:04:35 bits: 16 dataset: nabirds loss way: Ours training...
2023-11-14 15:08:07.580 | INFO     | scripts.train_CUB:train_val:82 - train loss: 0.7302944462567089, center loss: 4.366404853761196, pair loss: 268.7538106441498
2023-11-14 15:12:19.930 | INFO     | scripts.train_CUB:train_val:108 - [Ours] 18/1000 15:04:35 bits: 16 dataset: nabirds Best mAP: 0.1896335072091771, current mAP: 0.16986112157438696
2023-11-14 15:12:19.930 | INFO     | scripts.train_CUB:train_val:54 - [Ours] 19/1000 15:12:19 bits: 16 dataset: nabirds loss way: Ours training...
2023-11-14 15:15:51.299 | INFO     | scripts.train_CUB:train_val:82 - train loss: 0.7272886907990603, center loss: 4.410914898850024, pair loss: 267.58514845371246
2023-11-14 15:15:51.299 | INFO     | scripts.train_CUB:train_val:54 - [Ours] 20/1000 15:15:51 bits: 16 dataset: nabirds loss way: Ours training...
2023-11-14 15:19:23.640 | INFO     | scripts.train_CUB:train_val:82 - train loss: 0.7248948278592869, center loss: 4.449088506400585, pair loss: 266.65164560079575
2023-11-14 15:19:23.641 | INFO     | scripts.train_CUB:train_val:54 - [Ours] 21/1000 15:19:23 bits: 16 dataset: nabirds loss way: Ours training...
2023-11-14 15:22:56.344 | INFO     | scripts.train_CUB:train_val:82 - train loss: 0.722832579982472, center loss: 4.480490020476282, pair loss: 265.8489329814911
2023-11-14 15:27:07.620 | INFO     | scripts.train_CUB:train_val:108 - [Ours] 21/1000 15:19:23 bits: 16 dataset: nabirds Best mAP: 0.1896335072091771, current mAP: 0.16231971766182138
2023-11-14 15:27:07.621 | INFO     | scripts.train_CUB:train_val:54 - [Ours] 22/1000 15:27:07 bits: 16 dataset: nabirds loss way: Ours training...
2023-11-14 15:30:38.981 | INFO     | scripts.train_CUB:train_val:82 - train loss: 0.7210630833465148, center loss: 4.510718513280153, pair loss: 265.1569125652313
2023-11-14 15:30:38.982 | INFO     | scripts.train_CUB:train_val:54 - [Ours] 23/1000 15:30:38 bits: 16 dataset: nabirds loss way: Ours training...
2023-11-14 15:34:09.225 | INFO     | scripts.train_CUB:train_val:82 - train loss: 0.7195156862072766, center loss: 4.536868241615593, pair loss: 264.551997423172
2023-11-14 15:34:09.225 | INFO     | scripts.train_CUB:train_val:54 - [Ours] 24/1000 15:34:09 bits: 16 dataset: nabirds loss way: Ours training...
2023-11-14 15:37:45.626 | INFO     | scripts.train_CUB:train_val:82 - train loss: 0.718131099952096, center loss: 4.561700367368758, pair loss: 264.00936579704285
2023-11-14 15:42:11.454 | INFO     | scripts.train_CUB:train_val:108 - [Ours] 24/1000 15:34:09 bits: 16 dataset: nabirds Best mAP: 0.1896335072091771, current mAP: 0.1499260786490727
2023-11-14 15:42:11.454 | INFO     | scripts.train_CUB:train_val:54 - [Ours] 25/1000 15:42:11 bits: 16 dataset: nabirds loss way: Ours training...
2023-11-14 15:45:42.955 | INFO     | scripts.train_CUB:train_val:82 - train loss: 0.7169383383370975, center loss: 4.583744872361422, pair loss: 263.541216135025
2023-11-14 15:45:42.956 | INFO     | scripts.train_CUB:train_val:54 - [Ours] 26/1000 15:45:42 bits: 16 dataset: nabirds loss way: Ours training...
2023-11-14 15:49:14.608 | INFO     | scripts.train_CUB:train_val:82 - train loss: 0.7159690066454882, center loss: 4.603906214237213, pair loss: 263.1585067510605
2023-11-14 15:49:14.609 | INFO     | scripts.train_CUB:train_val:54 - [Ours] 27/1000 15:49:14 bits: 16 dataset: nabirds loss way: Ours training...
2023-11-14 15:52:47.937 | INFO     | scripts.train_CUB:train_val:82 - train loss: 0.7151383861182208, center loss: 4.621901044622064, pair loss: 262.82982754707336
2023-11-14 15:56:58.775 | INFO     | scripts.train_CUB:train_val:108 - [Ours] 27/1000 15:49:14 bits: 16 dataset: nabirds Best mAP: 0.1896335072091771, current mAP: 0.14308859844105884
2023-11-14 15:56:58.775 | INFO     | scripts.train_CUB:train_val:54 - [Ours] 28/1000 15:56:58 bits: 16 dataset: nabirds loss way: Ours training...
2023-11-14 16:00:29.722 | INFO     | scripts.train_CUB:train_val:82 - train loss: 0.7145055148372038, center loss: 4.638817948289216, pair loss: 262.576158285141
2023-11-14 16:00:29.723 | INFO     | scripts.train_CUB:train_val:54 - [Ours] 29/1000 16:00:29 bits: 16 dataset: nabirds loss way: Ours training...
2023-11-14 16:04:01.919 | INFO     | scripts.train_CUB:train_val:82 - train loss: 0.7140935052206172, center loss: 4.653106893412769, pair loss: 262.40779680013657
2023-11-14 16:04:01.920 | INFO     | scripts.train_CUB:train_val:54 - [Ours] 30/1000 16:04:01 bits: 16 dataset: nabirds loss way: Ours training...
2023-11-14 16:07:34.899 | INFO     | scripts.train_CUB:train_val:82 - train loss: 0.7134054613942131, center loss: 4.667379484511912, pair loss: 262.1362027525902
2023-11-14 16:11:46.360 | INFO     | scripts.train_CUB:train_val:108 - [Ours] 30/1000 16:04:01 bits: 16 dataset: nabirds Best mAP: 0.1896335072091771, current mAP: 0.12760976029324939
2023-11-14 16:11:46.360 | INFO     | scripts.train_CUB:train_val:54 - [Ours] 31/1000 16:11:46 bits: 16 dataset: nabirds loss way: Ours training...
2023-11-14 16:15:17.689 | INFO     | scripts.train_CUB:train_val:82 - train loss: 0.7128303882909969, center loss: 4.678201302886009, pair loss: 261.91023004055023
2023-11-14 16:15:17.690 | INFO     | scripts.train_CUB:train_val:54 - [Ours] 32/1000 16:15:17 bits: 16 dataset: nabirds loss way: Ours training...
2023-11-14 16:18:48.886 | INFO     | scripts.train_CUB:train_val:82 - train loss: 0.7125543198164772, center loss: 4.690933449193835, pair loss: 261.79428803920746
2023-11-14 16:18:48.887 | INFO     | scripts.train_CUB:train_val:54 - [Ours] 33/1000 16:18:48 bits: 16 dataset: nabirds loss way: Ours training...
2023-11-14 16:22:21.293 | INFO     | scripts.train_CUB:train_val:82 - train loss: 0.7118121591162554, center loss: 4.702357162721455, pair loss: 261.505379319191
2023-11-14 16:26:31.712 | INFO     | scripts.train_CUB:train_val:108 - [Ours] 33/1000 16:18:48 bits: 16 dataset: nabirds Best mAP: 0.1896335072091771, current mAP: 0.11559628335612919
2023-11-14 16:26:31.712 | INFO     | scripts.train_CUB:train_val:54 - [Ours] 34/1000 16:26:31 bits: 16 dataset: nabirds loss way: Ours training...
2023-11-14 16:30:03.256 | INFO     | scripts.train_CUB:train_val:82 - train loss: 0.7117633779737401, center loss: 4.7111570462584496, pair loss: 261.478297829628
2023-11-14 16:30:03.257 | INFO     | scripts.train_CUB:train_val:54 - [Ours] 35/1000 16:30:03 bits: 16 dataset: nabirds loss way: Ours training...
2023-11-14 16:33:35.154 | INFO     | scripts.train_CUB:train_val:82 - train loss: 0.7111759536406573, center loss: 4.7213967982679605, pair loss: 261.2483565211296
2023-11-14 16:33:35.155 | INFO     | scripts.train_CUB:train_val:54 - [Ours] 36/1000 16:33:35 bits: 16 dataset: nabirds loss way: Ours training...
2023-11-14 16:37:07.058 | INFO     | scripts.train_CUB:train_val:82 - train loss: 0.7109903213493327, center loss: 4.730004764162004, pair loss: 261.1703682541847
2023-11-14 16:41:17.065 | INFO     | scripts.train_CUB:train_val:108 - [Ours] 36/1000 16:33:35 bits: 16 dataset: nabirds Best mAP: 0.1896335072091771, current mAP: 0.10688235619562268
2023-11-14 16:41:17.065 | INFO     | scripts.train_CUB:train_val:54 - [Ours] 37/1000 16:41:17 bits: 16 dataset: nabirds loss way: Ours training...
2023-11-14 16:44:48.298 | INFO     | scripts.train_CUB:train_val:82 - train loss: 0.7109357606280934, center loss: 4.736165884882212, pair loss: 261.14383774995804
2023-11-14 16:44:48.299 | INFO     | scripts.train_CUB:train_val:54 - [Ours] 38/1000 16:44:48 bits: 16 dataset: nabirds loss way: Ours training...
2023-11-14 16:48:20.751 | INFO     | scripts.train_CUB:train_val:82 - train loss: 0.7106238138229451, center loss: 4.744048925116658, pair loss: 261.01926749944687
2023-11-14 16:48:20.751 | INFO     | scripts.train_CUB:train_val:54 - [Ours] 39/1000 16:48:20 bits: 16 dataset: nabirds loss way: Ours training...
2023-11-14 16:51:52.776 | INFO     | scripts.train_CUB:train_val:82 - train loss: 0.7103524180975828, center loss: 4.751318335533142, pair loss: 260.9105892777443
2023-11-14 16:56:01.654 | INFO     | scripts.train_CUB:train_val:108 - [Ours] 39/1000 16:48:20 bits: 16 dataset: nabirds Best mAP: 0.1896335072091771, current mAP: 0.10495314800127191
2023-11-14 16:56:01.654 | INFO     | scripts.train_CUB:train_val:54 - [Ours] 40/1000 16:56:01 bits: 16 dataset: nabirds loss way: Ours training...
2023-11-14 16:59:32.728 | INFO     | scripts.train_CUB:train_val:82 - train loss: 0.7101287588397449, center loss: 4.75556147377938, pair loss: 260.822641313076
2023-11-14 16:59:32.729 | INFO     | scripts.train_CUB:train_val:54 - [Ours] 41/1000 16:59:32 bits: 16 dataset: nabirds loss way: Ours training...
2023-11-14 17:03:05.415 | INFO     | scripts.train_CUB:train_val:82 - train loss: 0.7099577024339992, center loss: 4.761665286496282, pair loss: 260.7526385188103
2023-11-14 17:03:05.415 | INFO     | scripts.train_CUB:train_val:54 - [Ours] 42/1000 17:03:05 bits: 16 dataset: nabirds loss way: Ours training...
2023-11-14 17:06:37.786 | INFO     | scripts.train_CUB:train_val:82 - train loss: 0.7097398426762239, center loss: 4.76473353523761, pair loss: 260.66814386844635
2023-11-14 17:10:48.305 | INFO     | scripts.train_CUB:train_val:108 - [Ours] 42/1000 17:03:05 bits: 16 dataset: nabirds Best mAP: 0.1896335072091771, current mAP: 0.09899680023026063
2023-11-14 17:10:48.306 | INFO     | scripts.train_CUB:train_val:54 - [Ours] 43/1000 17:10:48 bits: 16 dataset: nabirds loss way: Ours training...
2023-11-14 17:14:19.993 | INFO     | scripts.train_CUB:train_val:82 - train loss: 0.7095145202256778, center loss: 4.767305717803538, pair loss: 260.58130049705505
2023-11-14 17:14:19.993 | INFO     | scripts.train_CUB:train_val:54 - [Ours] 44/1000 17:14:19 bits: 16 dataset: nabirds loss way: Ours training...
2023-11-14 17:17:53.021 | INFO     | scripts.train_CUB:train_val:82 - train loss: 0.709321231287431, center loss: 4.772336145862937, pair loss: 260.5039835572243
2023-11-14 17:17:53.021 | INFO     | scripts.train_CUB:train_val:54 - [Ours] 45/1000 17:17:53 bits: 16 dataset: nabirds loss way: Ours training...
2023-11-14 17:21:25.246 | INFO     | scripts.train_CUB:train_val:82 - train loss: 0.7090776884619565, center loss: 4.775737155228853, pair loss: 260.40950858592987
2023-11-14 17:25:34.315 | INFO     | scripts.train_CUB:train_val:101 - valid mAP: 0.1896335072091771
2023-12-07 08:38:14.668 | INFO     | scripts.train_CUB:train_val:50 - config: {'seed': 60, 'm': 16, 'alpha': 1, 'beta': 1.0, 'beta2': 0.01, 'mome': 0.9, 'epoch_change': 9, 'sigma': 1.0, 'gamma': 20.0, 'lambda': 0.0001, 'mu': 1, 'nu': 1, 'eta': 55, 'dcc_iter': 10, 'optimizer': {'type': <class 'torch.optim.rmsprop.RMSprop'>, 'optim_param': {'lr': 1e-05, 'weight_decay': 1e-05}}, 'resize_size': 256, 'crop_size': 224, 'batch_size': 64, 'net': <class 'model.Net.MoCo'>, 'dataset': 'nabirds', 'without_BN': False, 'epoch': 1000, 'test_map': 3, 'stop_iter': 10, 'device': device(type='cuda'), 'n_gpu': 1, 'bit_list': [16], 'max_norm': 5.0, 'T': 0.001, 'resnet_url': '../../Pretrain/resnet50-19c8e357.pth', 'url': '../../Pretrain/moco_v2_800ep_pretrain.pth', 'txt_path': '../../data/glove/glove.6B.50d.txt', 'label_size': 100, 'update_center': False, 'topk': -1, 'n_class': 555, 'data_path': '../../data/nabirds/images/', 'data': {'train_set': {'list_path': './data/nabirds/train.txt', 'batch_size': 64}, 'test_set': {'list_path': './data/nabirds/test.txt', 'batch_size': 64}, 'database': {'list_path': './data/nabirds/train.txt', 'batch_size': 64}}, 'order_seed': 80, 'center_path': './centerswithoutVar/CSQ_init_True_555_16.npy', 'CSQ_center': './CSQcenters/CSQ_555_16.npy', 'remarks': 'Ours', 'save_path': './results/nabirds/Ours', 'save_center': './results/nabirds/Ours/ours_16.npy', 'info': '[Ours]', 'loss_way': 'Ours', 'num_train': 23929}
2023-12-07 08:38:14.669 | INFO     | scripts.train_CUB:train_val:55 - [Ours] 1/1000 08:38:14 bits: 16 dataset: nabirds loss way: Ours training...
2023-12-07 08:46:24.244 | INFO     | scripts.train_CUB:train_val:50 - config: {'seed': 60, 'm': 16, 'alpha': 1, 'beta': 1.0, 'beta2': 0.01, 'mome': 0.9, 'epoch_change': 9, 'sigma': 1.0, 'gamma': 20.0, 'lambda': 0.0001, 'mu': 1, 'nu': 1, 'eta': 55, 'dcc_iter': 10, 'optimizer': {'type': <class 'torch.optim.rmsprop.RMSprop'>, 'optim_param': {'lr': 1e-05, 'weight_decay': 1e-05}}, 'resize_size': 256, 'crop_size': 224, 'batch_size': 64, 'net': <class 'model.Net.MoCo'>, 'dataset': 'nabirds', 'without_BN': False, 'epoch': 1000, 'test_map': 3, 'stop_iter': 10, 'device': device(type='cuda'), 'n_gpu': 1, 'bit_list': [16], 'max_norm': 5.0, 'T': 0.001, 'resnet_url': '../../Pretrain/resnet50-19c8e357.pth', 'url': '../../Pretrain/moco_v2_800ep_pretrain.pth', 'txt_path': '../../data/glove/glove.6B.50d.txt', 'label_size': 100, 'update_center': False, 'topk': -1, 'n_class': 555, 'data_path': '../../data/nabirds/images/', 'data': {'train_set': {'list_path': './data/nabirds/train.txt', 'batch_size': 64}, 'test_set': {'list_path': './data/nabirds/test.txt', 'batch_size': 64}, 'database': {'list_path': './data/nabirds/train.txt', 'batch_size': 64}}, 'order_seed': 80, 'center_path': './centerswithoutVar/CSQ_init_True_555_16.npy', 'CSQ_center': './CSQcenters/CSQ_555_16.npy', 'remarks': 'Ours', 'save_path': './results/nabirds/Ours', 'save_center': './results/nabirds/Ours/ours_16.npy', 'info': '[Ours]', 'loss_way': 'Ours', 'num_train': 23929}
2023-12-07 08:46:24.245 | INFO     | scripts.train_CUB:train_val:55 - [Ours] 1/1000 08:46:24 bits: 16 dataset: nabirds loss way: Ours training...
2023-12-07 08:50:00.921 | INFO     | scripts.train_CUB:train_val:88 - train loss: 0.01557100604333103, center loss: 4.90442124940455, pair loss: 0
2023-12-07 08:50:00.921 | INFO     | scripts.train_CUB:train_val:55 - [Ours] 2/1000 08:50:00 bits: 16 dataset: nabirds loss way: Ours training...
2023-12-07 08:53:32.909 | INFO     | scripts.train_CUB:train_val:88 - train loss: 0.014647126797945264, center loss: 4.579760512337089, pair loss: 0
2023-12-07 08:53:32.910 | INFO     | scripts.train_CUB:train_val:55 - [Ours] 3/1000 08:53:32 bits: 16 dataset: nabirds loss way: Ours training...
2023-12-07 08:57:06.645 | INFO     | scripts.train_CUB:train_val:88 - train loss: 0.014110389959943645, center loss: 4.379729058593512, pair loss: 0
2023-12-07 09:02:11.641 | INFO     | scripts.train_CUB:train_val:105 - save in ./results/nabirds/Ours
2023-12-07 09:02:11.642 | INFO     | scripts.train_CUB:train_val:115 - [Ours] 3/1000 08:53:32 bits: 16 dataset: nabirds Best mAP: 0.04054278611242533, current mAP: 0.04054278611242533
2023-12-07 09:02:11.642 | INFO     | scripts.train_CUB:train_val:55 - [Ours] 4/1000 09:02:11 bits: 16 dataset: nabirds loss way: Ours training...
2023-12-07 09:05:44.745 | INFO     | scripts.train_CUB:train_val:88 - train loss: 0.013703430845915156, center loss: 4.224834500811994, pair loss: 0
2023-12-07 09:05:44.746 | INFO     | scripts.train_CUB:train_val:55 - [Ours] 5/1000 09:05:44 bits: 16 dataset: nabirds loss way: Ours training...
2023-12-07 09:09:18.539 | INFO     | scripts.train_CUB:train_val:88 - train loss: 0.013337427790072513, center loss: 4.086051783524454, pair loss: 0
2023-12-07 09:09:18.540 | INFO     | scripts.train_CUB:train_val:55 - [Ours] 6/1000 09:09:18 bits: 16 dataset: nabirds loss way: Ours training...
2023-12-07 09:12:52.466 | INFO     | scripts.train_CUB:train_val:88 - train loss: 0.013071047592868302, center loss: 3.983640874736011, pair loss: 0
2023-12-07 09:17:14.041 | INFO     | scripts.train_CUB:train_val:105 - save in ./results/nabirds/Ours
2023-12-07 09:17:14.042 | INFO     | scripts.train_CUB:train_val:115 - [Ours] 6/1000 09:09:18 bits: 16 dataset: nabirds Best mAP: 0.07321326623298874, current mAP: 0.07321326623298874
2023-12-07 09:17:14.042 | INFO     | scripts.train_CUB:train_val:55 - [Ours] 7/1000 09:17:14 bits: 16 dataset: nabirds loss way: Ours training...
2023-12-07 09:20:47.990 | INFO     | scripts.train_CUB:train_val:88 - train loss: 0.01280674089324028, center loss: 3.884416738525033, pair loss: 0
2023-12-07 09:20:47.990 | INFO     | scripts.train_CUB:train_val:55 - [Ours] 8/1000 09:20:47 bits: 16 dataset: nabirds loss way: Ours training...
2023-12-07 09:24:21.969 | INFO     | scripts.train_CUB:train_val:88 - train loss: 0.012581687846425223, center loss: 3.8000936722382903, pair loss: 0
2023-12-07 09:24:21.969 | INFO     | scripts.train_CUB:train_val:55 - [Ours] 9/1000 09:24:21 bits: 16 dataset: nabirds loss way: Ours training...
2023-12-07 09:27:57.587 | INFO     | scripts.train_CUB:train_val:88 - train loss: 0.012376922252463465, center loss: 3.7230300027877092, pair loss: 0
2023-12-07 09:32:24.987 | INFO     | scripts.train_CUB:train_val:105 - save in ./results/nabirds/Ours
2023-12-07 09:32:24.987 | INFO     | scripts.train_CUB:train_val:115 - [Ours] 9/1000 09:24:21 bits: 16 dataset: nabirds Best mAP: 0.11017943623574625, current mAP: 0.11017943623574625
2023-12-07 09:32:24.988 | INFO     | scripts.train_CUB:train_val:55 - [Ours] 10/1000 09:32:24 bits: 16 dataset: nabirds loss way: Ours training...
2023-12-07 09:36:02.678 | INFO     | scripts.train_CUB:train_val:88 - train loss: 0.8212448916333245, center loss: 3.7753245094791055, pair loss: 302.41794008016586
2023-12-07 09:36:02.678 | INFO     | scripts.train_CUB:train_val:55 - [Ours] 11/1000 09:36:02 bits: 16 dataset: nabirds loss way: Ours training...
2023-12-07 09:39:41.036 | INFO     | scripts.train_CUB:train_val:88 - train loss: 0.7921817570446646, center loss: 3.876039482653141, pair loss: 291.4154465198517
2023-12-07 09:39:41.037 | INFO     | scripts.train_CUB:train_val:55 - [Ours] 12/1000 09:39:41 bits: 16 dataset: nabirds loss way: Ours training...
2023-12-07 09:43:16.978 | INFO     | scripts.train_CUB:train_val:88 - train loss: 0.7736043314882778, center loss: 3.996019972488284, pair loss: 284.33987921476364
2023-12-07 09:47:39.694 | INFO     | scripts.train_CUB:train_val:105 - save in ./results/nabirds/Ours
2023-12-07 09:47:39.694 | INFO     | scripts.train_CUB:train_val:115 - [Ours] 12/1000 09:39:41 bits: 16 dataset: nabirds Best mAP: 0.17695473758321684, current mAP: 0.17695473758321684
2023-12-07 09:47:39.694 | INFO     | scripts.train_CUB:train_val:55 - [Ours] 13/1000 09:47:39 bits: 16 dataset: nabirds loss way: Ours training...
2023-12-07 09:51:16.675 | INFO     | scripts.train_CUB:train_val:88 - train loss: 0.7613195018334822, center loss: 4.102043777704239, pair loss: 279.6375584602356
2023-12-07 09:51:16.675 | INFO     | scripts.train_CUB:train_val:55 - [Ours] 14/1000 09:51:16 bits: 16 dataset: nabirds loss way: Ours training...
2023-12-07 09:54:53.932 | INFO     | scripts.train_CUB:train_val:88 - train loss: 0.7524068846422083, center loss: 4.19259462505579, pair loss: 276.2167870402336
2023-12-07 09:54:53.933 | INFO     | scripts.train_CUB:train_val:55 - [Ours] 15/1000 09:54:53 bits: 16 dataset: nabirds loss way: Ours training...
2023-12-07 09:58:33.319 | INFO     | scripts.train_CUB:train_val:88 - train loss: 0.74520318329653, center loss: 4.264655694365501, pair loss: 273.45770704746246
2023-12-07 10:02:56.122 | INFO     | scripts.train_CUB:train_val:115 - [Ours] 15/1000 09:54:53 bits: 16 dataset: nabirds Best mAP: 0.17695473758321684, current mAP: 0.16985974929594133
2023-12-07 10:02:56.123 | INFO     | scripts.train_CUB:train_val:55 - [Ours] 16/1000 10:02:56 bits: 16 dataset: nabirds loss way: Ours training...
2023-12-07 10:06:31.824 | INFO     | scripts.train_CUB:train_val:88 - train loss: 0.7396072397895038, center loss: 4.332800691947341, pair loss: 271.3059362769127
2023-12-07 10:06:31.825 | INFO     | scripts.train_CUB:train_val:55 - [Ours] 17/1000 10:06:31 bits: 16 dataset: nabirds loss way: Ours training...
2023-12-07 10:10:08.838 | INFO     | scripts.train_CUB:train_val:88 - train loss: 0.7355341463484228, center loss: 4.386620086617768, pair loss: 269.7377445101738
2023-12-07 10:10:08.839 | INFO     | scripts.train_CUB:train_val:55 - [Ours] 18/1000 10:10:08 bits: 16 dataset: nabirds loss way: Ours training...
2023-12-07 10:13:46.888 | INFO     | scripts.train_CUB:train_val:88 - train loss: 0.732162111901982, center loss: 4.430582846514881, pair loss: 268.4429827928543
2023-12-07 10:18:03.430 | INFO     | scripts.train_CUB:train_val:115 - [Ours] 18/1000 10:10:08 bits: 16 dataset: nabirds Best mAP: 0.17695473758321684, current mAP: 0.15688567171996542
2023-12-07 10:18:03.431 | INFO     | scripts.train_CUB:train_val:55 - [Ours] 19/1000 10:18:03 bits: 16 dataset: nabirds loss way: Ours training...
2023-12-07 10:21:39.408 | INFO     | scripts.train_CUB:train_val:88 - train loss: 0.729222837935157, center loss: 4.472020502202213, pair loss: 267.3110432624817
2023-12-07 10:21:39.409 | INFO     | scripts.train_CUB:train_val:55 - [Ours] 20/1000 10:21:39 bits: 16 dataset: nabirds loss way: Ours training...
2023-12-07 10:25:16.615 | INFO     | scripts.train_CUB:train_val:88 - train loss: 0.726953181512853, center loss: 4.508353278040886, pair loss: 266.43407332897186
2023-12-07 10:25:16.615 | INFO     | scripts.train_CUB:train_val:55 - [Ours] 21/1000 10:25:16 bits: 16 dataset: nabirds loss way: Ours training...
2023-12-07 10:28:53.161 | INFO     | scripts.train_CUB:train_val:88 - train loss: 0.724896997532105, center loss: 4.538118935190141, pair loss: 265.6399670243263
2023-12-07 10:33:10.087 | INFO     | scripts.train_CUB:train_val:115 - [Ours] 21/1000 10:25:16 bits: 16 dataset: nabirds Best mAP: 0.17695473758321684, current mAP: 0.14889609416535296
2023-12-07 10:33:10.088 | INFO     | scripts.train_CUB:train_val:55 - [Ours] 22/1000 10:33:10 bits: 16 dataset: nabirds loss way: Ours training...
2023-12-07 10:36:45.959 | INFO     | scripts.train_CUB:train_val:88 - train loss: 0.7233045748210846, center loss: 4.566685646772385, pair loss: 265.02335900068283
2023-12-07 10:36:45.960 | INFO     | scripts.train_CUB:train_val:55 - [Ours] 23/1000 10:36:45 bits: 16 dataset: nabirds loss way: Ours training...
2023-12-07 10:40:22.635 | INFO     | scripts.train_CUB:train_val:88 - train loss: 0.7219084164994286, center loss: 4.5909073036164045, pair loss: 264.48026007413864
2023-12-07 10:40:22.635 | INFO     | scripts.train_CUB:train_val:55 - [Ours] 24/1000 10:40:22 bits: 16 dataset: nabirds loss way: Ours training...
2023-12-07 10:43:59.783 | INFO     | scripts.train_CUB:train_val:88 - train loss: 0.7205447905203876, center loss: 4.612520504742861, pair loss: 263.95101380348206
2023-12-07 10:48:20.077 | INFO     | scripts.train_CUB:train_val:115 - [Ours] 24/1000 10:40:22 bits: 16 dataset: nabirds Best mAP: 0.17695473758321684, current mAP: 0.14300479494613932
2023-12-07 10:48:20.078 | INFO     | scripts.train_CUB:train_val:55 - [Ours] 25/1000 10:48:20 bits: 16 dataset: nabirds loss way: Ours training...
2023-12-07 10:51:56.554 | INFO     | scripts.train_CUB:train_val:88 - train loss: 0.7192661064193848, center loss: 4.633431884460151, pair loss: 263.45618909597397
2023-12-07 10:51:56.555 | INFO     | scripts.train_CUB:train_val:55 - [Ours] 26/1000 10:51:56 bits: 16 dataset: nabirds loss way: Ours training...
2023-12-07 10:55:32.957 | INFO     | scripts.train_CUB:train_val:88 - train loss: 0.7182928615394123, center loss: 4.6517127603292465, pair loss: 263.07694512605667
2023-12-07 10:55:32.957 | INFO     | scripts.train_CUB:train_val:55 - [Ours] 27/1000 10:55:32 bits: 16 dataset: nabirds loss way: Ours training...
2023-12-07 10:59:09.804 | INFO     | scripts.train_CUB:train_val:88 - train loss: 0.7174416790034044, center loss: 4.66829320602119, pair loss: 262.743839263916
2023-12-07 11:03:32.415 | INFO     | scripts.train_CUB:train_val:115 - [Ours] 27/1000 10:55:32 bits: 16 dataset: nabirds Best mAP: 0.17695473758321684, current mAP: 0.13290810684371063
2023-12-07 11:03:32.416 | INFO     | scripts.train_CUB:train_val:55 - [Ours] 28/1000 11:03:32 bits: 16 dataset: nabirds loss way: Ours training...
2023-12-07 11:07:08.155 | INFO     | scripts.train_CUB:train_val:88 - train loss: 0.7169458332227513, center loss: 4.682338539510965, pair loss: 262.54660201072693
2023-12-07 11:07:08.156 | INFO     | scripts.train_CUB:train_val:55 - [Ours] 29/1000 11:07:08 bits: 16 dataset: nabirds loss way: Ours training...
2023-12-07 11:10:44.661 | INFO     | scripts.train_CUB:train_val:88 - train loss: 0.7165306148363307, center loss: 4.69546699244529, pair loss: 262.38050216436386
2023-12-07 11:10:44.662 | INFO     | scripts.train_CUB:train_val:55 - [Ours] 30/1000 11:10:44 bits: 16 dataset: nabirds loss way: Ours training...
2023-12-07 11:14:21.411 | INFO     | scripts.train_CUB:train_val:88 - train loss: 0.715838349757985, center loss: 4.709311196580529, pair loss: 262.10790997743607
2023-12-07 11:18:47.474 | INFO     | scripts.train_CUB:train_val:115 - [Ours] 30/1000 11:10:44 bits: 16 dataset: nabirds Best mAP: 0.17695473758321684, current mAP: 0.12680774529344868
2023-12-07 11:18:47.474 | INFO     | scripts.train_CUB:train_val:55 - [Ours] 31/1000 11:18:47 bits: 16 dataset: nabirds loss way: Ours training...
2023-12-07 11:22:25.361 | INFO     | scripts.train_CUB:train_val:88 - train loss: 0.7152075831265373, center loss: 4.719334806315601, pair loss: 261.86422550678253
2023-12-07 11:22:25.362 | INFO     | scripts.train_CUB:train_val:55 - [Ours] 32/1000 11:22:25 bits: 16 dataset: nabirds loss way: Ours training...
2023-12-07 11:26:02.522 | INFO     | scripts.train_CUB:train_val:88 - train loss: 0.7148133514717938, center loss: 4.729488233104348, pair loss: 261.7076024413109
2023-12-07 11:26:02.522 | INFO     | scripts.train_CUB:train_val:55 - [Ours] 33/1000 11:26:02 bits: 16 dataset: nabirds loss way: Ours training...
2023-12-07 11:29:41.167 | INFO     | scripts.train_CUB:train_val:88 - train loss: 0.7141687699498978, center loss: 4.740769882686436, pair loss: 261.45735198259354
2023-12-07 11:34:01.417 | INFO     | scripts.train_CUB:train_val:115 - [Ours] 33/1000 11:26:02 bits: 16 dataset: nabirds Best mAP: 0.17695473758321684, current mAP: 0.11516603857157516
2023-12-07 11:34:01.417 | INFO     | scripts.train_CUB:train_val:55 - [Ours] 34/1000 11:34:01 bits: 16 dataset: nabirds loss way: Ours training...
2023-12-07 11:37:37.250 | INFO     | scripts.train_CUB:train_val:88 - train loss: 0.7140195693242997, center loss: 4.749205828644335, pair loss: 261.39508509635925
2023-12-07 11:37:37.251 | INFO     | scripts.train_CUB:train_val:55 - [Ours] 35/1000 11:37:37 bits: 16 dataset: nabirds loss way: Ours training...
2023-12-07 11:41:14.071 | INFO     | scripts.train_CUB:train_val:88 - train loss: 0.7135465882997462, center loss: 4.757758519612253, pair loss: 261.21060758829117
2023-12-07 11:41:14.071 | INFO     | scripts.train_CUB:train_val:55 - [Ours] 36/1000 11:41:14 bits: 16 dataset: nabirds loss way: Ours training...
2023-12-07 11:44:51.928 | INFO     | scripts.train_CUB:train_val:88 - train loss: 0.7135261673340823, center loss: 4.766222488135099, pair loss: 261.19589000940323
2023-12-07 11:49:25.625 | INFO     | scripts.train_CUB:train_val:115 - [Ours] 36/1000 11:41:14 bits: 16 dataset: nabirds Best mAP: 0.17695473758321684, current mAP: 0.10839970525153027
2023-12-07 11:49:25.625 | INFO     | scripts.train_CUB:train_val:55 - [Ours] 37/1000 11:49:25 bits: 16 dataset: nabirds loss way: Ours training...
2023-12-07 11:53:02.289 | INFO     | scripts.train_CUB:train_val:88 - train loss: 0.7132688526482506, center loss: 4.771831685677171, pair loss: 261.0940600037575
2023-12-07 11:53:02.290 | INFO     | scripts.train_CUB:train_val:55 - [Ours] 38/1000 11:53:02 bits: 16 dataset: nabirds loss way: Ours training...
2023-12-07 11:56:40.576 | INFO     | scripts.train_CUB:train_val:88 - train loss: 0.7129961677732315, center loss: 4.77825480978936, pair loss: 260.986378967762
2023-12-07 11:56:40.576 | INFO     | scripts.train_CUB:train_val:55 - [Ours] 39/1000 11:56:40 bits: 16 dataset: nabirds loss way: Ours training...
2023-12-07 12:00:18.513 | INFO     | scripts.train_CUB:train_val:88 - train loss: 0.7127179729747263, center loss: 4.785675175487995, pair loss: 260.8764246702194
2023-12-07 12:04:42.382 | INFO     | scripts.train_CUB:train_val:115 - [Ours] 39/1000 11:56:40 bits: 16 dataset: nabirds Best mAP: 0.17695473758321684, current mAP: 0.10089494537977613
2023-12-07 12:04:42.382 | INFO     | scripts.train_CUB:train_val:55 - [Ours] 40/1000 12:04:42 bits: 16 dataset: nabirds loss way: Ours training...
2023-12-07 12:08:19.559 | INFO     | scripts.train_CUB:train_val:88 - train loss: 0.7125100722924911, center loss: 4.788974719122052, pair loss: 260.796383023262
2023-12-07 12:08:19.560 | INFO     | scripts.train_CUB:train_val:55 - [Ours] 41/1000 12:08:19 bits: 16 dataset: nabirds loss way: Ours training...
2023-12-07 12:11:58.133 | INFO     | scripts.train_CUB:train_val:88 - train loss: 0.7122318951841344, center loss: 4.794422502629459, pair loss: 260.6885126233101
2023-12-07 12:11:58.134 | INFO     | scripts.train_CUB:train_val:55 - [Ours] 42/1000 12:11:58 bits: 16 dataset: nabirds loss way: Ours training...
2023-12-07 12:15:36.732 | INFO     | scripts.train_CUB:train_val:88 - train loss: 0.7121615884775784, center loss: 4.79774831328541, pair loss: 260.6587499976158
2023-12-07 12:19:57.496 | INFO     | scripts.train_CUB:train_val:115 - [Ours] 42/1000 12:11:58 bits: 16 dataset: nabirds Best mAP: 0.17695473758321684, current mAP: 0.0980029331812489
2023-12-07 12:19:57.497 | INFO     | scripts.train_CUB:train_val:55 - [Ours] 43/1000 12:19:57 bits: 16 dataset: nabirds loss way: Ours training...
2023-12-07 12:23:35.211 | INFO     | scripts.train_CUB:train_val:88 - train loss: 0.7118936593838554, center loss: 4.801396128721535, pair loss: 260.5564098954201
2023-12-07 12:23:35.211 | INFO     | scripts.train_CUB:train_val:55 - [Ours] 44/1000 12:23:35 bits: 16 dataset: nabirds loss way: Ours training...
2023-12-07 12:27:13.221 | INFO     | scripts.train_CUB:train_val:88 - train loss: 0.7116644377695686, center loss: 4.806195115670562, pair loss: 260.4665260910988
2023-12-07 12:27:13.221 | INFO     | scripts.train_CUB:train_val:55 - [Ours] 45/1000 12:27:13 bits: 16 dataset: nabirds loss way: Ours training...
2023-12-07 12:30:50.321 | INFO     | scripts.train_CUB:train_val:88 - train loss: 0.7115122459151528, center loss: 4.808816465549171, pair loss: 260.4072501063347
2023-12-07 12:35:13.157 | INFO     | scripts.train_CUB:train_val:108 - valid mAP: 0.17695473758321684
2023-12-07 15:09:51.596 | INFO     | scripts.train_CUB:train_val:51 - config: {'seed': 60, 'm': 16, 'alpha': 1, 'beta': 1.0, 'beta2': 0.01, 'mome': 0.9, 'epoch_change': 9, 'sigma': 1.0, 'gamma': 20.0, 'lambda': 0.0001, 'mu': 1, 'nu': 1, 'eta': 55, 'dcc_iter': 10, 'optimizer': {'type': <class 'torch.optim.rmsprop.RMSprop'>, 'optim_param': {'lr': 1e-05, 'weight_decay': 1e-05}}, 'resize_size': 256, 'crop_size': 224, 'batch_size': 64, 'net': <class 'model.Net.MoCo'>, 'dataset': 'nabirds', 'without_BN': False, 'epoch': 1000, 'test_map': 3, 'stop_iter': 10, 'device': device(type='cuda'), 'n_gpu': 1, 'bit_list': [16], 'max_norm': 5.0, 'T': 0.001, 'resnet_url': '../../Pretrain/resnet50-19c8e357.pth', 'url': '../../Pretrain/moco_v2_800ep_pretrain.pth', 'txt_path': '../../data/glove/glove.6B.50d.txt', 'label_size': 100, 'update_center': False, 'topk': -1, 'n_class': 555, 'data_path': '../../data/nabirds/images/', 'data': {'train_set': {'list_path': './data/nabirds/train.txt', 'batch_size': 64}, 'test_set': {'list_path': './data/nabirds/test.txt', 'batch_size': 64}, 'database': {'list_path': './data/nabirds/train.txt', 'batch_size': 64}}, 'order_seed': 80, 'center_path': './centerswithoutVar/CSQ_init_True_555_16.npy', 'CSQ_center': './CSQcenters/CSQ_555_16.npy', 'remarks': 'Ours', 'save_path': './results/nabirds/Ours', 'save_center': './results/nabirds/Ours/ours_16.npy', 'info': '[Ours]', 'loss_way': 'Ours', 'num_train': 23929}
2023-12-07 15:09:51.597 | INFO     | scripts.train_CUB:train_val:56 - [Ours] 1/1000 15:09:51 bits: 16 dataset: nabirds loss way: Ours training...
2023-12-07 15:13:27.607 | INFO     | scripts.train_CUB:train_val:89 - train loss: 0.01557100604333103, center loss: 4.90442124940455, pair loss: 0
2023-12-07 15:13:27.607 | INFO     | scripts.train_CUB:train_val:56 - [Ours] 2/1000 15:13:27 bits: 16 dataset: nabirds loss way: Ours training...
2023-12-07 15:17:03.458 | INFO     | scripts.train_CUB:train_val:89 - train loss: 0.014647126797945264, center loss: 4.579760512337089, pair loss: 0
2023-12-07 15:17:03.459 | INFO     | scripts.train_CUB:train_val:56 - [Ours] 3/1000 15:17:03 bits: 16 dataset: nabirds loss way: Ours training...
2023-12-07 16:02:31.865 | INFO     | scripts.train_CUB:train_val:50 - config: {'seed': 60, 'm': 16, 'alpha': 1, 'beta': 1.0, 'beta2': 0.01, 'mome': 0.9, 'epoch_change': 9, 'sigma': 1.0, 'gamma': 20.0, 'lambda': 0.0001, 'mu': 1, 'nu': 1, 'eta': 55, 'dcc_iter': 10, 'optimizer': {'type': <class 'torch.optim.rmsprop.RMSprop'>, 'optim_param': {'lr': 1e-05, 'weight_decay': 1e-05}}, 'resize_size': 256, 'crop_size': 224, 'batch_size': 64, 'net': <class 'model.Net.MoCo'>, 'dataset': 'nabirds', 'without_BN': False, 'epoch': 1000, 'test_map': 3, 'stop_iter': 10, 'device': device(type='cuda'), 'n_gpu': 1, 'bit_list': [16], 'max_norm': 5.0, 'T': 0.001, 'resnet_url': '../../Pretrain/resnet50-19c8e357.pth', 'url': '../../Pretrain/moco_v2_800ep_pretrain.pth', 'txt_path': '../../data/glove/glove.6B.50d.txt', 'label_size': 100, 'update_center': False, 'topk': -1, 'n_class': 555, 'data_path': '../../data/nabirds/images/', 'data': {'train_set': {'list_path': './data/nabirds/train.txt', 'batch_size': 64}, 'test_set': {'list_path': './data/nabirds/test.txt', 'batch_size': 64}, 'database': {'list_path': './data/nabirds/train.txt', 'batch_size': 64}}, 'order_seed': 80, 'center_path': './centerswithoutVar/CSQ_init_True_555_16.npy', 'CSQ_center': './CSQcenters/CSQ_555_16.npy', 'remarks': 'Ours', 'save_path': './results/nabirds/Ours', 'save_center': './results/nabirds/Ours/ours_16.npy', 'info': '[Ours]', 'loss_way': 'Ours', 'num_train': 23929}
2023-12-07 16:02:31.866 | INFO     | scripts.train_CUB:train_val:55 - [Ours] 1/1000 16:02:31 bits: 16 dataset: nabirds loss way: Ours training...
2023-12-07 22:57:19.696 | INFO     | scripts.train_CUB:train_val:50 - config: {'seed': 60, 'm': 16, 'alpha': 1, 'beta': 1.0, 'beta2': 0.01, 'mome': 0.9, 'epoch_change': 9, 'sigma': 1.0, 'gamma': 20.0, 'lambda': 0.0001, 'mu': 1, 'nu': 1, 'eta': 55, 'dcc_iter': 10, 'optimizer': {'type': <class 'torch.optim.rmsprop.RMSprop'>, 'optim_param': {'lr': 1e-05, 'weight_decay': 1e-05}}, 'resize_size': 256, 'crop_size': 224, 'batch_size': 64, 'net': <class 'model.Net.MoCo'>, 'dataset': 'nabirds', 'without_BN': False, 'epoch': 1000, 'test_map': 3, 'stop_iter': 10, 'device': device(type='cuda'), 'n_gpu': 2, 'bit_list': [16], 'max_norm': 5.0, 'T': 0.001, 'resnet_url': '../../Pretrain/resnet50-19c8e357.pth', 'url': '../../Pretrain/moco_v2_800ep_pretrain.pth', 'txt_path': '../../data/glove/glove.6B.50d.txt', 'label_size': 100, 'update_center': False, 'topk': -1, 'n_class': 555, 'data_path': '../../data/nabirds/images/', 'data': {'train_set': {'list_path': './data/nabirds/train.txt', 'batch_size': 64}, 'test_set': {'list_path': './data/nabirds/test.txt', 'batch_size': 64}, 'database': {'list_path': './data/nabirds/train.txt', 'batch_size': 64}}, 'order_seed': 80, 'center_path': './centerswithoutVar/CSQ_init_True_555_16.npy', 'CSQ_center': './CSQcenters/CSQ_555_16.npy', 'remarks': 'Ours', 'save_path': './results/nabirds/Ours', 'save_center': './results/nabirds/Ours/ours_16.npy', 'info': '[Ours]', 'loss_way': 'Ours', 'num_train': 23929}
2023-12-07 22:57:19.697 | INFO     | scripts.train_CUB:train_val:55 - [Ours] 1/1000 22:57:19 bits: 16 dataset: nabirds loss way: Ours training...
2024-01-12 23:09:50.270 | INFO     | scripts.train_CUB:train_val:50 - config: {'seed': 60, 'm': 16, 'alpha': 1, 'beta': 1.0, 'beta2': 0.01, 'mome': 0.9, 'epoch_change': 9, 'sigma': 1.0, 'gamma': 20.0, 'lambda': 0.0001, 'mu': 1, 'nu': 1, 'eta': 55, 'dcc_iter': 10, 'optimizer': {'type': <class 'torch.optim.rmsprop.RMSprop'>, 'optim_param': {'lr': 1e-05, 'weight_decay': 1e-05}}, 'resize_size': 256, 'crop_size': 224, 'batch_size': 64, 'net': <class 'model.Net.MoCo'>, 'dataset': 'nabirds', 'without_BN': False, 'epoch': 1000, 'test_map': 3, 'stop_iter': 10, 'device': device(type='cuda'), 'n_gpu': 2, 'bit_list': [16], 'max_norm': 5.0, 'T': 0.001, 'resnet_url': '../../Pretrain/resnet50-19c8e357.pth', 'url': '../../Pretrain/moco_v2_800ep_pretrain.pth', 'txt_path': '../../data/glove/glove.6B.50d.txt', 'label_size': 100, 'update_center': False, 'topk': -1, 'n_class': 555, 'data_path': '../../data/nabirds/images/', 'data': {'train_set': {'list_path': './data/nabirds/train.txt', 'batch_size': 64}, 'test_set': {'list_path': './data/nabirds/test.txt', 'batch_size': 64}, 'database': {'list_path': './data/nabirds/train.txt', 'batch_size': 64}}, 'order_seed': 80, 'center_path': './centerswithoutVar/CSQ_init_True_555_16.npy', 'CSQ_center': './CSQcenters/CSQ_555_16.npy', 'remarks': 'Ours', 'save_path': './results/nabirds/Ours', 'save_center': './results/nabirds/Ours/ours_16.npy', 'info': '[Ours]', 'loss_way': 'Ours', 'num_train': 23929}
2024-01-12 23:09:50.270 | INFO     | scripts.train_CUB:train_val:55 - [Ours] 1/1000 23:09:50 bits: 16 dataset: nabirds loss way: Ours training...
2024-01-12 23:12:56.666 | INFO     | scripts.train_CUB:train_val:50 - config: {'seed': 60, 'm': 16, 'alpha': 1, 'beta': 1.0, 'beta2': 0.01, 'mome': 0.9, 'epoch_change': 9, 'sigma': 1.0, 'gamma': 20.0, 'lambda': 0.0001, 'mu': 1, 'nu': 1, 'eta': 55, 'dcc_iter': 10, 'optimizer': {'type': <class 'torch.optim.rmsprop.RMSprop'>, 'optim_param': {'lr': 1e-05, 'weight_decay': 1e-05}}, 'resize_size': 256, 'crop_size': 224, 'batch_size': 64, 'net': <class 'model.Net.MoCo'>, 'dataset': 'nabirds', 'without_BN': False, 'epoch': 1000, 'test_map': 3, 'stop_iter': 10, 'device': device(type='cuda'), 'n_gpu': 1, 'bit_list': [16], 'max_norm': 5.0, 'T': 0.001, 'resnet_url': '../../Pretrain/resnet50-19c8e357.pth', 'url': '../../Pretrain/moco_v2_800ep_pretrain.pth', 'txt_path': '../../data/glove/glove.6B.50d.txt', 'label_size': 100, 'update_center': False, 'topk': -1, 'n_class': 555, 'data_path': '../../data/nabirds/images/', 'data': {'train_set': {'list_path': './data/nabirds/train.txt', 'batch_size': 64}, 'test_set': {'list_path': './data/nabirds/test.txt', 'batch_size': 64}, 'database': {'list_path': './data/nabirds/train.txt', 'batch_size': 64}}, 'order_seed': 80, 'center_path': './centerswithoutVar/CSQ_init_True_555_16.npy', 'CSQ_center': './CSQcenters/CSQ_555_16.npy', 'remarks': 'Ours', 'save_path': './results/nabirds/Ours', 'save_center': './results/nabirds/Ours/ours_16.npy', 'info': '[Ours]', 'loss_way': 'Ours', 'num_train': 23929}
2024-01-12 23:12:56.666 | INFO     | scripts.train_CUB:train_val:55 - [Ours] 1/1000 23:12:56 bits: 16 dataset: nabirds loss way: Ours training...
